[2023-12-05 14:29:35]|||{"logger":"o.s.boot.SpringApplication", "thread":"main", "msg":"Application run failed"}
java.lang.IllegalStateException: java.lang.IllegalStateException: Logback configuration error detected: 
ERROR in ch.qos.logback.core.joran.action.AppenderRefAction - Could not find an appender named [errorAlarm]. Did you define it below instead of above in the configuration file?
ERROR in ch.qos.logback.core.joran.action.AppenderRefAction - See http://logback.qos.ch/codes.html#appender_order for more details.
	at org.springframework.boot.context.logging.LoggingApplicationListener.initializeSystem(LoggingApplicationListener.java:344)
	at org.springframework.boot.context.logging.LoggingApplicationListener.initialize(LoggingApplicationListener.java:298)
	at org.springframework.boot.context.logging.LoggingApplicationListener.onApplicationEnvironmentPreparedEvent(LoggingApplicationListener.java:246)
	at org.springframework.boot.context.logging.LoggingApplicationListener.onApplicationEvent(LoggingApplicationListener.java:223)
	at org.springframework.context.event.SimpleApplicationEventMulticaster.doInvokeListener(SimpleApplicationEventMulticaster.java:178)
	at org.springframework.context.event.SimpleApplicationEventMulticaster.invokeListener(SimpleApplicationEventMulticaster.java:171)
	at org.springframework.context.event.SimpleApplicationEventMulticaster.multicastEvent(SimpleApplicationEventMulticaster.java:145)
	at org.springframework.context.event.SimpleApplicationEventMulticaster.multicastEvent(SimpleApplicationEventMulticaster.java:133)
	at org.springframework.boot.context.event.EventPublishingRunListener.environmentPrepared(EventPublishingRunListener.java:85)
	at org.springframework.boot.SpringApplicationRunListeners.lambda$environmentPrepared$2(SpringApplicationRunListeners.java:66)
	at java.util.ArrayList.forEach(ArrayList.java:1249)
	at org.springframework.boot.SpringApplicationRunListeners.doWithListeners(SpringApplicationRunListeners.java:120)
	at org.springframework.boot.SpringApplicationRunListeners.doWithListeners(SpringApplicationRunListeners.java:114)
	at org.springframework.boot.SpringApplicationRunListeners.environmentPrepared(SpringApplicationRunListeners.java:65)
	at org.springframework.boot.SpringApplication.prepareEnvironment(SpringApplication.java:344)
	at org.springframework.boot.SpringApplication.run(SpringApplication.java:302)
	at org.springframework.boot.SpringApplication.run(SpringApplication.java:1300)
	at org.springframework.boot.SpringApplication.run(SpringApplication.java:1289)
	at com.coding.blog.web.CodingBlogApplication.main(CodingBlogApplication.java:18)
Caused by: java.lang.IllegalStateException: Logback configuration error detected: 
ERROR in ch.qos.logback.core.joran.action.AppenderRefAction - Could not find an appender named [errorAlarm]. Did you define it below instead of above in the configuration file?
ERROR in ch.qos.logback.core.joran.action.AppenderRefAction - See http://logback.qos.ch/codes.html#appender_order for more details.
	at org.springframework.boot.logging.logback.LogbackLoggingSystem.reportConfigurationErrorsIfNecessary(LogbackLoggingSystem.java:189)
	at org.springframework.boot.logging.logback.LogbackLoggingSystem.loadConfiguration(LogbackLoggingSystem.java:170)
	at org.springframework.boot.logging.AbstractLoggingSystem.initializeWithConventions(AbstractLoggingSystem.java:80)
	at org.springframework.boot.logging.AbstractLoggingSystem.initialize(AbstractLoggingSystem.java:60)
	at org.springframework.boot.logging.logback.LogbackLoggingSystem.initialize(LogbackLoggingSystem.java:132)
	at org.springframework.boot.context.logging.LoggingApplicationListener.initializeSystem(LoggingApplicationListener.java:329)
	... 18 common frames omitted
[2023-12-05 14:35:09]|||{"logger":"o.s.boot.SpringApplication", "thread":"main", "msg":"Application run failed"}
java.lang.IllegalStateException: java.lang.IllegalStateException: Logback configuration error detected: 
ERROR in ch.qos.logback.core.joran.action.AppenderRefAction - Could not find an appender named [errorAlarm]. Did you define it below instead of above in the configuration file?
ERROR in ch.qos.logback.core.joran.action.AppenderRefAction - See http://logback.qos.ch/codes.html#appender_order for more details.
	at org.springframework.boot.context.logging.LoggingApplicationListener.initializeSystem(LoggingApplicationListener.java:344)
	at org.springframework.boot.context.logging.LoggingApplicationListener.initialize(LoggingApplicationListener.java:298)
	at org.springframework.boot.context.logging.LoggingApplicationListener.onApplicationEnvironmentPreparedEvent(LoggingApplicationListener.java:246)
	at org.springframework.boot.context.logging.LoggingApplicationListener.onApplicationEvent(LoggingApplicationListener.java:223)
	at org.springframework.context.event.SimpleApplicationEventMulticaster.doInvokeListener(SimpleApplicationEventMulticaster.java:178)
	at org.springframework.context.event.SimpleApplicationEventMulticaster.invokeListener(SimpleApplicationEventMulticaster.java:171)
	at org.springframework.context.event.SimpleApplicationEventMulticaster.multicastEvent(SimpleApplicationEventMulticaster.java:145)
	at org.springframework.context.event.SimpleApplicationEventMulticaster.multicastEvent(SimpleApplicationEventMulticaster.java:133)
	at org.springframework.boot.context.event.EventPublishingRunListener.environmentPrepared(EventPublishingRunListener.java:85)
	at org.springframework.boot.SpringApplicationRunListeners.lambda$environmentPrepared$2(SpringApplicationRunListeners.java:66)
	at java.util.ArrayList.forEach(ArrayList.java:1249)
	at org.springframework.boot.SpringApplicationRunListeners.doWithListeners(SpringApplicationRunListeners.java:120)
	at org.springframework.boot.SpringApplicationRunListeners.doWithListeners(SpringApplicationRunListeners.java:114)
	at org.springframework.boot.SpringApplicationRunListeners.environmentPrepared(SpringApplicationRunListeners.java:65)
	at org.springframework.boot.SpringApplication.prepareEnvironment(SpringApplication.java:344)
	at org.springframework.boot.SpringApplication.run(SpringApplication.java:302)
	at org.springframework.boot.SpringApplication.run(SpringApplication.java:1300)
	at org.springframework.boot.SpringApplication.run(SpringApplication.java:1289)
	at com.coding.blog.web.CodingBlogApplication.main(CodingBlogApplication.java:18)
Caused by: java.lang.IllegalStateException: Logback configuration error detected: 
ERROR in ch.qos.logback.core.joran.action.AppenderRefAction - Could not find an appender named [errorAlarm]. Did you define it below instead of above in the configuration file?
ERROR in ch.qos.logback.core.joran.action.AppenderRefAction - See http://logback.qos.ch/codes.html#appender_order for more details.
	at org.springframework.boot.logging.logback.LogbackLoggingSystem.reportConfigurationErrorsIfNecessary(LogbackLoggingSystem.java:189)
	at org.springframework.boot.logging.logback.LogbackLoggingSystem.loadConfiguration(LogbackLoggingSystem.java:170)
	at org.springframework.boot.logging.AbstractLoggingSystem.initializeWithConventions(AbstractLoggingSystem.java:80)
	at org.springframework.boot.logging.AbstractLoggingSystem.initialize(AbstractLoggingSystem.java:60)
	at org.springframework.boot.logging.logback.LogbackLoggingSystem.initialize(LogbackLoggingSystem.java:132)
	at org.springframework.boot.context.logging.LoggingApplicationListener.initializeSystem(LoggingApplicationListener.java:329)
	... 18 common frames omitted
[2023-12-05 14:40:40]|||{"logger":"c.c.blog.web.CodingBlogApplication", "thread":"main", "msg":"Starting CodingBlogApplication using Java 1.8.0_101 on DESKTOP-4C76UQ5 with PID 14804 (D:\JavaCount\project\SpringBootProject\coding-blog\coding-web\target\classes started by Administrator in D:\JavaCount\project\SpringBootProject\coding-blog)"}
[2023-12-05 14:40:40]|||{"logger":"c.c.blog.web.CodingBlogApplication", "thread":"main", "msg":"No active profile set, falling back to 1 default profile: "default""}
[2023-12-05 14:40:41]|||{"logger":"o.m.s.mapper.ClassPathMapperScanner", "thread":"main", "msg":"No MyBatis mapper was found in '[com.coding.blog.web]' package. Please check your configuration."}
[2023-12-05 14:40:41]|||{"logger":"o.s.b.w.e.tomcat.TomcatWebServer", "thread":"main", "msg":"Tomcat initialized with port(s): 8080 (http)"}
[2023-12-05 14:40:41]|||{"logger":"o.a.c.core.AprLifecycleListener", "thread":"main", "msg":"An older version [1.2.14] of the Apache Tomcat Native library is installed, while Tomcat recommends a minimum version of [1.2.38]"}
[2023-12-05 14:40:41]|||{"logger":"o.a.c.core.AprLifecycleListener", "thread":"main", "msg":"Loaded Apache Tomcat Native library [1.2.14] using APR version [1.6.2]."}
[2023-12-05 14:40:41]|||{"logger":"o.a.c.core.AprLifecycleListener", "thread":"main", "msg":"APR capabilities: IPv6 [true], sendfile [true], accept filters [false], random [true], UDS [false]."}
[2023-12-05 14:40:41]|||{"logger":"o.a.c.core.AprLifecycleListener", "thread":"main", "msg":"APR/OpenSSL configuration: useAprConnector [false], useOpenSSL [true]"}
[2023-12-05 14:40:42]|||{"logger":"o.a.c.core.AprLifecycleListener", "thread":"main", "msg":"OpenSSL successfully initialized [OpenSSL 1.0.2l  25 May 2017]"}
[2023-12-05 14:40:42]|||{"logger":"o.a.coyote.http11.Http11NioProtocol", "thread":"main", "msg":"Initializing ProtocolHandler ["http-nio-8080"]"}
[2023-12-05 14:40:42]|||{"logger":"o.a.catalina.core.StandardService", "thread":"main", "msg":"Starting service [Tomcat]"}
[2023-12-05 14:40:42]|||{"logger":"o.a.catalina.core.StandardEngine", "thread":"main", "msg":"Starting Servlet engine: [Apache Tomcat/9.0.82]"}
[2023-12-05 14:40:43]|||{"logger":"o.a.c.c.C.[Tomcat].[localhost].[/]", "thread":"main", "msg":"Initializing Spring embedded WebApplicationContext"}
[2023-12-05 14:40:43]|||{"logger":"o.s.b.w.s.c.ServletWebServerApplicationContext", "thread":"main", "msg":"Root WebApplicationContext: initialization completed in 2323 ms"}
[2023-12-05 14:40:44]|||{"logger":"o.a.coyote.http11.Http11NioProtocol", "thread":"main", "msg":"Starting ProtocolHandler ["http-nio-8080"]"}
[2023-12-05 14:40:44]|||{"logger":"o.s.b.w.e.tomcat.TomcatWebServer", "thread":"main", "msg":"Tomcat started on port(s): 8080 (http) with context path ''"}
[2023-12-05 14:40:44]|||{"logger":"c.c.blog.web.CodingBlogApplication", "thread":"main", "msg":"Started CodingBlogApplication in 4.04 seconds (JVM running for 5.16)"}
[2023-12-05 14:40:45]|||{"logger":"c.alibaba.druid.pool.DruidDataSource", "thread":"SpringApplicationShutdownHook", "msg":"{dataSource-0} closing ..."}
[2023-12-05 14:40:55]|||{"logger":"c.c.blog.web.CodingBlogApplication", "thread":"main", "msg":"Starting CodingBlogApplication using Java 1.8.0_101 on DESKTOP-4C76UQ5 with PID 6416 (D:\JavaCount\project\SpringBootProject\coding-blog\coding-web\target\classes started by Administrator in D:\JavaCount\project\SpringBootProject\coding-blog)"}
[2023-12-05 14:40:55]|||{"logger":"c.c.blog.web.CodingBlogApplication", "thread":"main", "msg":"No active profile set, falling back to 1 default profile: "default""}
[2023-12-05 14:40:55]|||{"logger":"o.m.s.mapper.ClassPathMapperScanner", "thread":"main", "msg":"No MyBatis mapper was found in '[com.coding.blog.web]' package. Please check your configuration."}
[2023-12-05 14:40:56]|||{"logger":"o.s.b.w.e.tomcat.TomcatWebServer", "thread":"main", "msg":"Tomcat initialized with port(s): 8080 (http)"}
[2023-12-05 14:40:56]|||{"logger":"o.a.c.core.AprLifecycleListener", "thread":"main", "msg":"An older version [1.2.14] of the Apache Tomcat Native library is installed, while Tomcat recommends a minimum version of [1.2.38]"}
[2023-12-05 14:40:56]|||{"logger":"o.a.c.core.AprLifecycleListener", "thread":"main", "msg":"Loaded Apache Tomcat Native library [1.2.14] using APR version [1.6.2]."}
[2023-12-05 14:40:56]|||{"logger":"o.a.c.core.AprLifecycleListener", "thread":"main", "msg":"APR capabilities: IPv6 [true], sendfile [true], accept filters [false], random [true], UDS [false]."}
[2023-12-05 14:40:56]|||{"logger":"o.a.c.core.AprLifecycleListener", "thread":"main", "msg":"APR/OpenSSL configuration: useAprConnector [false], useOpenSSL [true]"}
[2023-12-05 14:40:57]|||{"logger":"o.a.c.core.AprLifecycleListener", "thread":"main", "msg":"OpenSSL successfully initialized [OpenSSL 1.0.2l  25 May 2017]"}
[2023-12-05 14:40:57]|||{"logger":"o.a.coyote.http11.Http11NioProtocol", "thread":"main", "msg":"Initializing ProtocolHandler ["http-nio-8080"]"}
[2023-12-05 14:40:57]|||{"logger":"o.a.catalina.core.StandardService", "thread":"main", "msg":"Starting service [Tomcat]"}
[2023-12-05 14:40:57]|||{"logger":"o.a.catalina.core.StandardEngine", "thread":"main", "msg":"Starting Servlet engine: [Apache Tomcat/9.0.82]"}
[2023-12-05 14:40:57]|||{"logger":"o.a.c.c.C.[Tomcat].[localhost].[/]", "thread":"main", "msg":"Initializing Spring embedded WebApplicationContext"}
[2023-12-05 14:40:57]|||{"logger":"o.s.b.w.s.c.ServletWebServerApplicationContext", "thread":"main", "msg":"Root WebApplicationContext: initialization completed in 2137 ms"}
[2023-12-05 14:40:58]|||{"logger":"o.a.coyote.http11.Http11NioProtocol", "thread":"main", "msg":"Starting ProtocolHandler ["http-nio-8080"]"}
[2023-12-05 14:40:58]|||{"logger":"o.s.b.w.e.tomcat.TomcatWebServer", "thread":"main", "msg":"Tomcat started on port(s): 8080 (http) with context path ''"}
[2023-12-05 14:40:58]|||{"logger":"c.c.blog.web.CodingBlogApplication", "thread":"main", "msg":"Started CodingBlogApplication in 3.738 seconds (JVM running for 4.81)"}
[2023-12-05 14:41:11]|||{"logger":"o.a.tomcat.util.http.parser.Cookie", "thread":"http-nio-8080-exec-1", "msg":"A cookie header was received [Hm_lvt_2745ad927051c4bc7b7ee34b781df793=1697069968,1697247649,1698747555,1699267107;] that contained an invalid cookie. That cookie will be ignored.
 Note: further occurrences of this error will be logged at DEBUG level."}
[2023-12-05 14:41:11]|||{"logger":"o.a.tomcat.util.http.parser.Cookie", "thread":"http-nio-8080-exec-3", "msg":"A cookie header was received [Hm_lvt_2745ad927051c4bc7b7ee34b781df793=1697069968,1697247649,1698747555,1699267107;] that contained an invalid cookie. That cookie will be ignored.
 Note: further occurrences of this error will be logged at DEBUG level."}
[2023-12-05 14:41:11]|||{"logger":"o.a.c.c.C.[Tomcat].[localhost].[/]", "thread":"http-nio-8080-exec-1", "msg":"Initializing Spring DispatcherServlet 'dispatcherServlet'"}
[2023-12-05 14:41:11]|||{"logger":"o.s.web.servlet.DispatcherServlet", "thread":"http-nio-8080-exec-1", "msg":"Initializing Servlet 'dispatcherServlet'"}
[2023-12-05 14:41:11]|||{"logger":"o.s.web.servlet.DispatcherServlet", "thread":"http-nio-8080-exec-1", "msg":"Completed initialization in 2 ms"}
[2023-12-05 14:43:39]|||{"logger":"c.alibaba.druid.pool.DruidDataSource", "thread":"SpringApplicationShutdownHook", "msg":"{dataSource-0} closing ..."}
[2023-12-05 14:43:42]|||{"logger":"c.c.blog.web.CodingBlogApplication", "thread":"main", "msg":"Starting CodingBlogApplication using Java 1.8.0_101 on DESKTOP-4C76UQ5 with PID 31732 (D:\JavaCount\project\SpringBootProject\coding-blog\coding-web\target\classes started by Administrator in D:\JavaCount\project\SpringBootProject\coding-blog)"}
[2023-12-05 14:43:42]|||{"logger":"c.c.blog.web.CodingBlogApplication", "thread":"main", "msg":"No active profile set, falling back to 1 default profile: "default""}
[2023-12-05 14:43:43]|||{"logger":"o.m.s.mapper.ClassPathMapperScanner", "thread":"main", "msg":"No MyBatis mapper was found in '[com.coding.blog.web]' package. Please check your configuration."}
[2023-12-05 14:43:43]|||{"logger":"o.s.b.w.e.tomcat.TomcatWebServer", "thread":"main", "msg":"Tomcat initialized with port(s): 8080 (http)"}
[2023-12-05 14:43:43]|||{"logger":"o.a.c.core.AprLifecycleListener", "thread":"main", "msg":"An older version [1.2.14] of the Apache Tomcat Native library is installed, while Tomcat recommends a minimum version of [1.2.38]"}
[2023-12-05 14:43:43]|||{"logger":"o.a.c.core.AprLifecycleListener", "thread":"main", "msg":"Loaded Apache Tomcat Native library [1.2.14] using APR version [1.6.2]."}
[2023-12-05 14:43:43]|||{"logger":"o.a.c.core.AprLifecycleListener", "thread":"main", "msg":"APR capabilities: IPv6 [true], sendfile [true], accept filters [false], random [true], UDS [false]."}
[2023-12-05 14:43:43]|||{"logger":"o.a.c.core.AprLifecycleListener", "thread":"main", "msg":"APR/OpenSSL configuration: useAprConnector [false], useOpenSSL [true]"}
[2023-12-05 14:43:44]|||{"logger":"o.a.c.core.AprLifecycleListener", "thread":"main", "msg":"OpenSSL successfully initialized [OpenSSL 1.0.2l  25 May 2017]"}
[2023-12-05 14:43:44]|||{"logger":"o.a.coyote.http11.Http11NioProtocol", "thread":"main", "msg":"Initializing ProtocolHandler ["http-nio-8080"]"}
[2023-12-05 14:43:44]|||{"logger":"o.a.catalina.core.StandardService", "thread":"main", "msg":"Starting service [Tomcat]"}
[2023-12-05 14:43:44]|||{"logger":"o.a.catalina.core.StandardEngine", "thread":"main", "msg":"Starting Servlet engine: [Apache Tomcat/9.0.82]"}
[2023-12-05 14:43:45]|||{"logger":"o.a.c.c.C.[Tomcat].[localhost].[/]", "thread":"main", "msg":"Initializing Spring embedded WebApplicationContext"}
[2023-12-05 14:43:45]|||{"logger":"o.s.b.w.s.c.ServletWebServerApplicationContext", "thread":"main", "msg":"Root WebApplicationContext: initialization completed in 2203 ms"}
[2023-12-05 14:43:46]|||{"logger":"o.a.coyote.http11.Http11NioProtocol", "thread":"main", "msg":"Starting ProtocolHandler ["http-nio-8080"]"}
[2023-12-05 14:43:46]|||{"logger":"o.s.b.w.e.tomcat.TomcatWebServer", "thread":"main", "msg":"Tomcat started on port(s): 8080 (http) with context path ''"}
[2023-12-05 14:43:46]|||{"logger":"c.c.blog.web.CodingBlogApplication", "thread":"main", "msg":"Started CodingBlogApplication in 3.774 seconds (JVM running for 4.959)"}
[2023-12-05 14:44:36]|||{"logger":"c.alibaba.druid.pool.DruidDataSource", "thread":"SpringApplicationShutdownHook", "msg":"{dataSource-0} closing ..."}
[2023-12-05 14:44:39]|||{"logger":"o.s.boot.SpringApplication", "thread":"main", "msg":"Application run failed"}
java.lang.IllegalStateException: java.lang.IllegalStateException: Logback configuration error detected: 
ERROR in ch.qos.logback.core.pattern.parser.Compiler@73eb439a - Failed to instantiate converter class [ch.qos.logback.classic.pattern.DateConverter] as a composite converter for keyword [d] ch.qos.logback.core.util.IncompatibleClassException
ERROR in ch.qos.logback.core.pattern.parser.Compiler@73eb439a - Failed to create converter for [%d] keyword
	at org.springframework.boot.context.logging.LoggingApplicationListener.initializeSystem(LoggingApplicationListener.java:344)
	at org.springframework.boot.context.logging.LoggingApplicationListener.initialize(LoggingApplicationListener.java:298)
	at org.springframework.boot.context.logging.LoggingApplicationListener.onApplicationEnvironmentPreparedEvent(LoggingApplicationListener.java:246)
	at org.springframework.boot.context.logging.LoggingApplicationListener.onApplicationEvent(LoggingApplicationListener.java:223)
	at org.springframework.context.event.SimpleApplicationEventMulticaster.doInvokeListener(SimpleApplicationEventMulticaster.java:178)
	at org.springframework.context.event.SimpleApplicationEventMulticaster.invokeListener(SimpleApplicationEventMulticaster.java:171)
	at org.springframework.context.event.SimpleApplicationEventMulticaster.multicastEvent(SimpleApplicationEventMulticaster.java:145)
	at org.springframework.context.event.SimpleApplicationEventMulticaster.multicastEvent(SimpleApplicationEventMulticaster.java:133)
	at org.springframework.boot.context.event.EventPublishingRunListener.environmentPrepared(EventPublishingRunListener.java:85)
	at org.springframework.boot.SpringApplicationRunListeners.lambda$environmentPrepared$2(SpringApplicationRunListeners.java:66)
	at java.util.ArrayList.forEach(ArrayList.java:1249)
	at org.springframework.boot.SpringApplicationRunListeners.doWithListeners(SpringApplicationRunListeners.java:120)
	at org.springframework.boot.SpringApplicationRunListeners.doWithListeners(SpringApplicationRunListeners.java:114)
	at org.springframework.boot.SpringApplicationRunListeners.environmentPrepared(SpringApplicationRunListeners.java:65)
	at org.springframework.boot.SpringApplication.prepareEnvironment(SpringApplication.java:344)
	at org.springframework.boot.SpringApplication.run(SpringApplication.java:302)
	at org.springframework.boot.SpringApplication.run(SpringApplication.java:1300)
	at org.springframework.boot.SpringApplication.run(SpringApplication.java:1289)
	at com.coding.blog.web.CodingBlogApplication.main(CodingBlogApplication.java:18)
Caused by: java.lang.IllegalStateException: Logback configuration error detected: 
ERROR in ch.qos.logback.core.pattern.parser.Compiler@73eb439a - Failed to instantiate converter class [ch.qos.logback.classic.pattern.DateConverter] as a composite converter for keyword [d] ch.qos.logback.core.util.IncompatibleClassException
ERROR in ch.qos.logback.core.pattern.parser.Compiler@73eb439a - Failed to create converter for [%d] keyword
	at org.springframework.boot.logging.logback.LogbackLoggingSystem.reportConfigurationErrorsIfNecessary(LogbackLoggingSystem.java:189)
	at org.springframework.boot.logging.logback.LogbackLoggingSystem.loadConfiguration(LogbackLoggingSystem.java:170)
	at org.springframework.boot.logging.AbstractLoggingSystem.initializeWithConventions(AbstractLoggingSystem.java:80)
	at org.springframework.boot.logging.AbstractLoggingSystem.initialize(AbstractLoggingSystem.java:60)
	at org.springframework.boot.logging.logback.LogbackLoggingSystem.initialize(LogbackLoggingSystem.java:132)
	at org.springframework.boot.context.logging.LoggingApplicationListener.initializeSystem(LoggingApplicationListener.java:329)
	... 18 common frames omitted
	Suppressed: ch.qos.logback.core.util.IncompatibleClassException: null
		at ch.qos.logback.core.util.OptionHelper.instantiateByClassNameAndParameter(OptionHelper.java:57)
		at ch.qos.logback.core.util.OptionHelper.instantiateByClassName(OptionHelper.java:44)
		at ch.qos.logback.core.util.OptionHelper.instantiateByClassName(OptionHelper.java:33)
		at ch.qos.logback.core.pattern.parser.Compiler.createCompositeConverter(Compiler.java:129)
		at ch.qos.logback.core.pattern.parser.Compiler.compile(Compiler.java:47)
		at ch.qos.logback.core.pattern.parser.Compiler.compile(Compiler.java:57)
		at ch.qos.logback.core.pattern.parser.Parser.compile(Parser.java:87)
		at ch.qos.logback.core.pattern.PatternLayoutBase.start(PatternLayoutBase.java:84)
		at ch.qos.logback.classic.encoder.PatternLayoutEncoder.start(PatternLayoutEncoder.java:28)
		at ch.qos.logback.core.joran.action.NestedComplexPropertyIA.end(NestedComplexPropertyIA.java:161)
		at ch.qos.logback.core.joran.spi.Interpreter.callEndAction(Interpreter.java:309)
		at ch.qos.logback.core.joran.spi.Interpreter.endElement(Interpreter.java:193)
		at ch.qos.logback.core.joran.spi.Interpreter.endElement(Interpreter.java:179)
		at ch.qos.logback.core.joran.spi.EventPlayer.play(EventPlayer.java:62)
		at ch.qos.logback.core.joran.GenericConfigurator.doConfigure(GenericConfigurator.java:165)
		at ch.qos.logback.core.joran.GenericConfigurator.doConfigure(GenericConfigurator.java:152)
		at ch.qos.logback.core.joran.GenericConfigurator.doConfigure(GenericConfigurator.java:110)
		at ch.qos.logback.core.joran.GenericConfigurator.doConfigure(GenericConfigurator.java:53)
		at org.springframework.boot.logging.logback.LogbackLoggingSystem.configureByResourceUrl(LogbackLoggingSystem.java:199)
		at org.springframework.boot.logging.logback.LogbackLoggingSystem.loadConfiguration(LogbackLoggingSystem.java:165)
		... 22 common frames omitted
[2023-12-05 14:47:44]|||{"logger":"c.c.blog.web.CodingBlogApplication", "thread":"main", "msg":"Starting CodingBlogApplication using Java 1.8.0_101 on DESKTOP-4C76UQ5 with PID 27368 (D:\JavaCount\project\SpringBootProject\coding-blog\coding-web\target\classes started by Administrator in D:\JavaCount\project\SpringBootProject\coding-blog)"}
[2023-12-05 14:47:44]|||{"logger":"c.c.blog.web.CodingBlogApplication", "thread":"main", "msg":"No active profile set, falling back to 1 default profile: "default""}
[2023-12-05 14:47:44]|||{"logger":"o.m.s.mapper.ClassPathMapperScanner", "thread":"main", "msg":"No MyBatis mapper was found in '[com.coding.blog.web]' package. Please check your configuration."}
[2023-12-05 14:47:45]|||{"logger":"o.s.b.w.e.tomcat.TomcatWebServer", "thread":"main", "msg":"Tomcat initialized with port(s): 8080 (http)"}
[2023-12-05 14:47:45]|||{"logger":"o.a.c.core.AprLifecycleListener", "thread":"main", "msg":"An older version [1.2.14] of the Apache Tomcat Native library is installed, while Tomcat recommends a minimum version of [1.2.38]"}
[2023-12-05 14:47:45]|||{"logger":"o.a.c.core.AprLifecycleListener", "thread":"main", "msg":"Loaded Apache Tomcat Native library [1.2.14] using APR version [1.6.2]."}
[2023-12-05 14:47:45]|||{"logger":"o.a.c.core.AprLifecycleListener", "thread":"main", "msg":"APR capabilities: IPv6 [true], sendfile [true], accept filters [false], random [true], UDS [false]."}
[2023-12-05 14:47:45]|||{"logger":"o.a.c.core.AprLifecycleListener", "thread":"main", "msg":"APR/OpenSSL configuration: useAprConnector [false], useOpenSSL [true]"}
[2023-12-05 14:47:46]|||{"logger":"o.a.c.core.AprLifecycleListener", "thread":"main", "msg":"OpenSSL successfully initialized [OpenSSL 1.0.2l  25 May 2017]"}
[2023-12-05 14:47:46]|||{"logger":"o.a.coyote.http11.Http11NioProtocol", "thread":"main", "msg":"Initializing ProtocolHandler ["http-nio-8080"]"}
[2023-12-05 14:47:46]|||{"logger":"o.a.catalina.core.StandardService", "thread":"main", "msg":"Starting service [Tomcat]"}
[2023-12-05 14:47:46]|||{"logger":"o.a.catalina.core.StandardEngine", "thread":"main", "msg":"Starting Servlet engine: [Apache Tomcat/9.0.82]"}
[2023-12-05 14:47:46]|||{"logger":"o.a.c.c.C.[Tomcat].[localhost].[/]", "thread":"main", "msg":"Initializing Spring embedded WebApplicationContext"}
[2023-12-05 14:47:46]|||{"logger":"o.s.b.w.s.c.ServletWebServerApplicationContext", "thread":"main", "msg":"Root WebApplicationContext: initialization completed in 2221 ms"}
[2023-12-05 14:47:47]|||{"logger":"o.a.coyote.http11.Http11NioProtocol", "thread":"main", "msg":"Starting ProtocolHandler ["http-nio-8080"]"}
[2023-12-05 14:47:47]|||{"logger":"o.s.b.w.e.tomcat.TomcatWebServer", "thread":"main", "msg":"Tomcat started on port(s): 8080 (http) with context path ''"}
[2023-12-05 14:47:47]|||{"logger":"c.c.blog.web.CodingBlogApplication", "thread":"main", "msg":"Started CodingBlogApplication in 3.931 seconds (JVM running for 5.125)"}
[2023-12-05 14:47:59]|||{"logger":"c.alibaba.druid.pool.DruidDataSource", "thread":"SpringApplicationShutdownHook", "msg":"{dataSource-0} closing ..."}
[2023-12-05 14:48:02]|||{"logger":"c.c.blog.web.CodingBlogApplication", "thread":"main", "msg":"Starting CodingBlogApplication using Java 1.8.0_101 on DESKTOP-4C76UQ5 with PID 20060 (D:\JavaCount\project\SpringBootProject\coding-blog\coding-web\target\classes started by Administrator in D:\JavaCount\project\SpringBootProject\coding-blog)"}
[2023-12-05 14:48:02]|||{"logger":"c.c.blog.web.CodingBlogApplication", "thread":"main", "msg":"No active profile set, falling back to 1 default profile: "default""}
[2023-12-05 14:48:02]|||{"logger":"o.m.s.mapper.ClassPathMapperScanner", "thread":"main", "msg":"No MyBatis mapper was found in '[com.coding.blog.web]' package. Please check your configuration."}
[2023-12-05 14:48:03]|||{"logger":"o.s.b.w.e.tomcat.TomcatWebServer", "thread":"main", "msg":"Tomcat initialized with port(s): 8080 (http)"}
[2023-12-05 14:48:03]|||{"logger":"o.a.c.core.AprLifecycleListener", "thread":"main", "msg":"An older version [1.2.14] of the Apache Tomcat Native library is installed, while Tomcat recommends a minimum version of [1.2.38]"}
[2023-12-05 14:48:03]|||{"logger":"o.a.c.core.AprLifecycleListener", "thread":"main", "msg":"Loaded Apache Tomcat Native library [1.2.14] using APR version [1.6.2]."}
[2023-12-05 14:48:03]|||{"logger":"o.a.c.core.AprLifecycleListener", "thread":"main", "msg":"APR capabilities: IPv6 [true], sendfile [true], accept filters [false], random [true], UDS [false]."}
[2023-12-05 14:48:03]|||{"logger":"o.a.c.core.AprLifecycleListener", "thread":"main", "msg":"APR/OpenSSL configuration: useAprConnector [false], useOpenSSL [true]"}
[2023-12-05 14:48:04]|||{"logger":"o.a.c.core.AprLifecycleListener", "thread":"main", "msg":"OpenSSL successfully initialized [OpenSSL 1.0.2l  25 May 2017]"}
[2023-12-05 14:48:04]|||{"logger":"o.a.coyote.http11.Http11NioProtocol", "thread":"main", "msg":"Initializing ProtocolHandler ["http-nio-8080"]"}
[2023-12-05 14:48:04]|||{"logger":"o.a.catalina.core.StandardService", "thread":"main", "msg":"Starting service [Tomcat]"}
[2023-12-05 14:48:04]|||{"logger":"o.a.catalina.core.StandardEngine", "thread":"main", "msg":"Starting Servlet engine: [Apache Tomcat/9.0.82]"}
[2023-12-05 14:48:04]|||{"logger":"o.a.c.c.C.[Tomcat].[localhost].[/]", "thread":"main", "msg":"Initializing Spring embedded WebApplicationContext"}
[2023-12-05 14:48:04]|||{"logger":"o.s.b.w.s.c.ServletWebServerApplicationContext", "thread":"main", "msg":"Root WebApplicationContext: initialization completed in 2127 ms"}
[2023-12-05 14:48:05]|||{"logger":"o.a.coyote.http11.Http11NioProtocol", "thread":"main", "msg":"Starting ProtocolHandler ["http-nio-8080"]"}
[2023-12-05 14:48:05]|||{"logger":"o.s.b.w.e.tomcat.TomcatWebServer", "thread":"main", "msg":"Tomcat started on port(s): 8080 (http) with context path ''"}
[2023-12-05 14:48:05]|||{"logger":"c.c.blog.web.CodingBlogApplication", "thread":"main", "msg":"Started CodingBlogApplication in 3.63 seconds (JVM running for 4.681)"}
[2023-12-05 14:48:14]|||{"logger":"c.alibaba.druid.pool.DruidDataSource", "thread":"SpringApplicationShutdownHook", "msg":"{dataSource-0} closing ..."}
