[2023-12-12 18:29:38||] - No MyBatis mapper was found in '[com.coding.blog.web]' package. Please check your configuration.
[2023-12-12 18:29:39||] - Tomcat initialized with port(s): 8080 (http)
[2023-12-12 18:29:39||] - An older version [1.2.14] of the Apache Tomcat Native library is installed, while Tomcat recommends a minimum version of [1.2.38]
[2023-12-12 18:29:39||] - Loaded Apache Tomcat Native library [1.2.14] using APR version [1.6.2].
[2023-12-12 18:29:39||] - APR capabilities: IPv6 [true], sendfile [true], accept filters [false], random [true], UDS [false].
[2023-12-12 18:29:39||] - APR/OpenSSL configuration: useAprConnector [false], useOpenSSL [true]
[2023-12-12 18:29:40||] - OpenSSL successfully initialized [OpenSSL 1.0.2l  25 May 2017]
[2023-12-12 18:29:40||] - Initializing ProtocolHandler ["http-nio-8080"]
[2023-12-12 18:29:40||] - Starting service [Tomcat]
[2023-12-12 18:29:40||] - Starting Servlet engine: [Apache Tomcat/9.0.82]
[2023-12-12 18:29:40||] - Initializing Spring embedded WebApplicationContext
[2023-12-12 18:29:40||] - Root WebApplicationContext: initialization completed in 2401 ms
[2023-12-12 18:29:41||] - {dataSource-1} inited
[2023-12-12 18:29:41||] - Exception encountered during context initialization - cancelling refresh attempt: org.springframework.beans.factory.UnsatisfiedDependencyException: Error creating bean with name 'documentationPluginsBootstrapper' defined in URL [jar:file:/C:/Users/Administrator/.m2/repository/io/springfox/springfox-spring-web/2.10.5/springfox-spring-web-2.10.5.jar!/springfox/documentation/spring/web/plugins/DocumentationPluginsBootstrapper.class]: Unsatisfied dependency expressed through constructor parameter 1; nested exception is org.springframework.beans.factory.UnsatisfiedDependencyException: Error creating bean with name 'webMvcRequestHandlerProvider' defined in URL [jar:file:/C:/Users/Administrator/.m2/repository/io/springfox/springfox-spring-webmvc/2.10.5/springfox-spring-webmvc-2.10.5.jar!/springfox/documentation/spring/web/plugins/WebMvcRequestHandlerProvider.class]: Unsatisfied dependency expressed through constructor parameter 2; nested exception is org.springframework.beans.factory.BeanCreationException: Error creating bean with name 'requestMappingHandlerMapping' defined in class path resource [org/springframework/boot/autoconfigure/web/servlet/WebMvcAutoConfiguration$EnableWebMvcConfiguration.class]: Invocation of init method failed; nested exception is java.lang.IllegalStateException: Ambiguous mapping. Cannot map 'postTagController' method 
com.coding.blog.web.admin.PostTagController#queryPostByTagId(Long)
to {GET [/postTag/queryAllPostTag]}: There is already 'postTagController' bean method
com.coding.blog.web.admin.PostTagController#queryAllPostTag() mapped.
[2023-12-12 18:29:41||] - {dataSource-1} closing ...
[2023-12-12 18:29:41||] - {dataSource-1} closed
[2023-12-12 18:29:42||] - Stopping service [Tomcat]
[2023-12-12 18:29:42||] - 

Error starting ApplicationContext. To display the conditions report re-run your application with 'debug' enabled.
[2023-12-12 18:29:42||] - Application run failed
org.springframework.beans.factory.UnsatisfiedDependencyException: Error creating bean with name 'documentationPluginsBootstrapper' defined in URL [jar:file:/C:/Users/Administrator/.m2/repository/io/springfox/springfox-spring-web/2.10.5/springfox-spring-web-2.10.5.jar!/springfox/documentation/spring/web/plugins/DocumentationPluginsBootstrapper.class]: Unsatisfied dependency expressed through constructor parameter 1; nested exception is org.springframework.beans.factory.UnsatisfiedDependencyException: Error creating bean with name 'webMvcRequestHandlerProvider' defined in URL [jar:file:/C:/Users/Administrator/.m2/repository/io/springfox/springfox-spring-webmvc/2.10.5/springfox-spring-webmvc-2.10.5.jar!/springfox/documentation/spring/web/plugins/WebMvcRequestHandlerProvider.class]: Unsatisfied dependency expressed through constructor parameter 2; nested exception is org.springframework.beans.factory.BeanCreationException: Error creating bean with name 'requestMappingHandlerMapping' defined in class path resource [org/springframework/boot/autoconfigure/web/servlet/WebMvcAutoConfiguration$EnableWebMvcConfiguration.class]: Invocation of init method failed; nested exception is java.lang.IllegalStateException: Ambiguous mapping. Cannot map 'postTagController' method 
com.coding.blog.web.admin.PostTagController#queryPostByTagId(Long)
to {GET [/postTag/queryAllPostTag]}: There is already 'postTagController' bean method
com.coding.blog.web.admin.PostTagController#queryAllPostTag() mapped.
	at org.springframework.beans.factory.support.ConstructorResolver.createArgumentArray(ConstructorResolver.java:801)
	at org.springframework.beans.factory.support.ConstructorResolver.autowireConstructor(ConstructorResolver.java:224)
	at org.springframework.beans.factory.support.AbstractAutowireCapableBeanFactory.autowireConstructor(AbstractAutowireCapableBeanFactory.java:1372)
	at org.springframework.beans.factory.support.AbstractAutowireCapableBeanFactory.createBeanInstance(AbstractAutowireCapableBeanFactory.java:1222)
	at org.springframework.beans.factory.support.AbstractAutowireCapableBeanFactory.doCreateBean(AbstractAutowireCapableBeanFactory.java:582)
	at org.springframework.beans.factory.support.AbstractAutowireCapableBeanFactory.createBean(AbstractAutowireCapableBeanFactory.java:542)
	at org.springframework.beans.factory.support.AbstractBeanFactory.lambda$doGetBean$0(AbstractBeanFactory.java:335)
	at org.springframework.beans.factory.support.DefaultSingletonBeanRegistry.getSingleton(DefaultSingletonBeanRegistry.java:234)
	at org.springframework.beans.factory.support.AbstractBeanFactory.doGetBean(AbstractBeanFactory.java:333)
	at org.springframework.beans.factory.support.AbstractBeanFactory.getBean(AbstractBeanFactory.java:208)
	at org.springframework.beans.factory.support.DefaultListableBeanFactory.preInstantiateSingletons(DefaultListableBeanFactory.java:955)
	at org.springframework.context.support.AbstractApplicationContext.finishBeanFactoryInitialization(AbstractApplicationContext.java:921)
	at org.springframework.context.support.AbstractApplicationContext.refresh(AbstractApplicationContext.java:583)
	at org.springframework.boot.web.servlet.context.ServletWebServerApplicationContext.refresh(ServletWebServerApplicationContext.java:147)
	at org.springframework.boot.SpringApplication.refresh(SpringApplication.java:732)
	at org.springframework.boot.SpringApplication.refreshContext(SpringApplication.java:409)
	at org.springframework.boot.SpringApplication.run(SpringApplication.java:308)
	at org.springframework.boot.SpringApplication.run(SpringApplication.java:1300)
	at org.springframework.boot.SpringApplication.run(SpringApplication.java:1289)
	at com.coding.blog.web.CodingBlogApplication.main(CodingBlogApplication.java:20)
Caused by: org.springframework.beans.factory.UnsatisfiedDependencyException: Error creating bean with name 'webMvcRequestHandlerProvider' defined in URL [jar:file:/C:/Users/Administrator/.m2/repository/io/springfox/springfox-spring-webmvc/2.10.5/springfox-spring-webmvc-2.10.5.jar!/springfox/documentation/spring/web/plugins/WebMvcRequestHandlerProvider.class]: Unsatisfied dependency expressed through constructor parameter 2; nested exception is org.springframework.beans.factory.BeanCreationException: Error creating bean with name 'requestMappingHandlerMapping' defined in class path resource [org/springframework/boot/autoconfigure/web/servlet/WebMvcAutoConfiguration$EnableWebMvcConfiguration.class]: Invocation of init method failed; nested exception is java.lang.IllegalStateException: Ambiguous mapping. Cannot map 'postTagController' method 
com.coding.blog.web.admin.PostTagController#queryPostByTagId(Long)
to {GET [/postTag/queryAllPostTag]}: There is already 'postTagController' bean method
com.coding.blog.web.admin.PostTagController#queryAllPostTag() mapped.
	at org.springframework.beans.factory.support.ConstructorResolver.createArgumentArray(ConstructorResolver.java:801)
	at org.springframework.beans.factory.support.ConstructorResolver.autowireConstructor(ConstructorResolver.java:224)
	at org.springframework.beans.factory.support.AbstractAutowireCapableBeanFactory.autowireConstructor(AbstractAutowireCapableBeanFactory.java:1372)
	at org.springframework.beans.factory.support.AbstractAutowireCapableBeanFactory.createBeanInstance(AbstractAutowireCapableBeanFactory.java:1222)
	at org.springframework.beans.factory.support.AbstractAutowireCapableBeanFactory.doCreateBean(AbstractAutowireCapableBeanFactory.java:582)
	at org.springframework.beans.factory.support.AbstractAutowireCapableBeanFactory.createBean(AbstractAutowireCapableBeanFactory.java:542)
	at org.springframework.beans.factory.support.AbstractBeanFactory.lambda$doGetBean$0(AbstractBeanFactory.java:335)
	at org.springframework.beans.factory.support.DefaultSingletonBeanRegistry.getSingleton(DefaultSingletonBeanRegistry.java:234)
	at org.springframework.beans.factory.support.AbstractBeanFactory.doGetBean(AbstractBeanFactory.java:333)
	at org.springframework.beans.factory.support.AbstractBeanFactory.getBean(AbstractBeanFactory.java:208)
	at org.springframework.beans.factory.config.DependencyDescriptor.resolveCandidate(DependencyDescriptor.java:276)
	at org.springframework.beans.factory.support.DefaultListableBeanFactory.addCandidateEntry(DefaultListableBeanFactory.java:1609)
	at org.springframework.beans.factory.support.DefaultListableBeanFactory.findAutowireCandidates(DefaultListableBeanFactory.java:1573)
	at org.springframework.beans.factory.support.DefaultListableBeanFactory.resolveMultipleBeans(DefaultListableBeanFactory.java:1462)
	at org.springframework.beans.factory.support.DefaultListableBeanFactory.doResolveDependency(DefaultListableBeanFactory.java:1349)
	at org.springframework.beans.factory.support.DefaultListableBeanFactory.resolveDependency(DefaultListableBeanFactory.java:1311)
	at org.springframework.beans.factory.support.ConstructorResolver.resolveAutowiredArgument(ConstructorResolver.java:911)
	at org.springframework.beans.factory.support.ConstructorResolver.createArgumentArray(ConstructorResolver.java:788)
	... 19 common frames omitted
Caused by: org.springframework.beans.factory.BeanCreationException: Error creating bean with name 'requestMappingHandlerMapping' defined in class path resource [org/springframework/boot/autoconfigure/web/servlet/WebMvcAutoConfiguration$EnableWebMvcConfiguration.class]: Invocation of init method failed; nested exception is java.lang.IllegalStateException: Ambiguous mapping. Cannot map 'postTagController' method 
com.coding.blog.web.admin.PostTagController#queryPostByTagId(Long)
to {GET [/postTag/queryAllPostTag]}: There is already 'postTagController' bean method
com.coding.blog.web.admin.PostTagController#queryAllPostTag() mapped.
	at org.springframework.beans.factory.support.AbstractAutowireCapableBeanFactory.initializeBean(AbstractAutowireCapableBeanFactory.java:1804)
	at org.springframework.beans.factory.support.AbstractAutowireCapableBeanFactory.doCreateBean(AbstractAutowireCapableBeanFactory.java:620)
	at org.springframework.beans.factory.support.AbstractAutowireCapableBeanFactory.createBean(AbstractAutowireCapableBeanFactory.java:542)
	at org.springframework.beans.factory.support.AbstractBeanFactory.lambda$doGetBean$0(AbstractBeanFactory.java:335)
	at org.springframework.beans.factory.support.DefaultSingletonBeanRegistry.getSingleton(DefaultSingletonBeanRegistry.java:234)
	at org.springframework.beans.factory.support.AbstractBeanFactory.doGetBean(AbstractBeanFactory.java:333)
	at org.springframework.beans.factory.support.AbstractBeanFactory.getBean(AbstractBeanFactory.java:208)
	at org.springframework.beans.factory.config.DependencyDescriptor.resolveCandidate(DependencyDescriptor.java:276)
	at org.springframework.beans.factory.support.DefaultListableBeanFactory.addCandidateEntry(DefaultListableBeanFactory.java:1609)
	at org.springframework.beans.factory.support.DefaultListableBeanFactory.findAutowireCandidates(DefaultListableBeanFactory.java:1573)
	at org.springframework.beans.factory.support.DefaultListableBeanFactory.resolveMultipleBeans(DefaultListableBeanFactory.java:1462)
	at org.springframework.beans.factory.support.DefaultListableBeanFactory.doResolveDependency(DefaultListableBeanFactory.java:1349)
	at org.springframework.beans.factory.support.DefaultListableBeanFactory.resolveDependency(DefaultListableBeanFactory.java:1311)
	at org.springframework.beans.factory.support.ConstructorResolver.resolveAutowiredArgument(ConstructorResolver.java:911)
	at org.springframework.beans.factory.support.ConstructorResolver.createArgumentArray(ConstructorResolver.java:788)
	... 36 common frames omitted
Caused by: java.lang.IllegalStateException: Ambiguous mapping. Cannot map 'postTagController' method 
com.coding.blog.web.admin.PostTagController#queryPostByTagId(Long)
to {GET [/postTag/queryAllPostTag]}: There is already 'postTagController' bean method
com.coding.blog.web.admin.PostTagController#queryAllPostTag() mapped.
	at org.springframework.web.servlet.handler.AbstractHandlerMethodMapping$MappingRegistry.validateMethodMapping(AbstractHandlerMethodMapping.java:669)
	at org.springframework.web.servlet.handler.AbstractHandlerMethodMapping$MappingRegistry.register(AbstractHandlerMethodMapping.java:635)
	at org.springframework.web.servlet.handler.AbstractHandlerMethodMapping.registerHandlerMethod(AbstractHandlerMethodMapping.java:332)
	at org.springframework.web.servlet.mvc.method.annotation.RequestMappingHandlerMapping.registerHandlerMethod(RequestMappingHandlerMapping.java:420)
	at org.springframework.web.servlet.mvc.method.annotation.RequestMappingHandlerMapping.registerHandlerMethod(RequestMappingHandlerMapping.java:76)
	at org.springframework.web.servlet.handler.AbstractHandlerMethodMapping.lambda$detectHandlerMethods$2(AbstractHandlerMethodMapping.java:299)
	at java.util.LinkedHashMap.forEach(LinkedHashMap.java:684)
	at org.springframework.web.servlet.handler.AbstractHandlerMethodMapping.detectHandlerMethods(AbstractHandlerMethodMapping.java:297)
	at org.springframework.web.servlet.handler.AbstractHandlerMethodMapping.processCandidateBean(AbstractHandlerMethodMapping.java:266)
	at org.springframework.web.servlet.handler.AbstractHandlerMethodMapping.initHandlerMethods(AbstractHandlerMethodMapping.java:225)
	at org.springframework.web.servlet.handler.AbstractHandlerMethodMapping.afterPropertiesSet(AbstractHandlerMethodMapping.java:213)
	at org.springframework.web.servlet.mvc.method.annotation.RequestMappingHandlerMapping.afterPropertiesSet(RequestMappingHandlerMapping.java:205)
	at org.springframework.beans.factory.support.AbstractAutowireCapableBeanFactory.invokeInitMethods(AbstractAutowireCapableBeanFactory.java:1863)
	at org.springframework.beans.factory.support.AbstractAutowireCapableBeanFactory.initializeBean(AbstractAutowireCapableBeanFactory.java:1800)
	... 50 common frames omitted
[2023-12-12 18:31:00||] - No MyBatis mapper was found in '[com.coding.blog.web]' package. Please check your configuration.
[2023-12-12 18:31:00||] - Tomcat initialized with port(s): 8080 (http)
[2023-12-12 18:31:00||] - An older version [1.2.14] of the Apache Tomcat Native library is installed, while Tomcat recommends a minimum version of [1.2.38]
[2023-12-12 18:31:00||] - Loaded Apache Tomcat Native library [1.2.14] using APR version [1.6.2].
[2023-12-12 18:31:00||] - APR capabilities: IPv6 [true], sendfile [true], accept filters [false], random [true], UDS [false].
[2023-12-12 18:31:00||] - APR/OpenSSL configuration: useAprConnector [false], useOpenSSL [true]
[2023-12-12 18:31:01||] - OpenSSL successfully initialized [OpenSSL 1.0.2l  25 May 2017]
[2023-12-12 18:31:01||] - Initializing ProtocolHandler ["http-nio-8080"]
[2023-12-12 18:31:01||] - Starting service [Tomcat]
[2023-12-12 18:31:01||] - Starting Servlet engine: [Apache Tomcat/9.0.82]
[2023-12-12 18:31:01||] - Initializing Spring embedded WebApplicationContext
[2023-12-12 18:31:01||] - Root WebApplicationContext: initialization completed in 2188 ms
[2023-12-12 18:31:02||] - {dataSource-1} inited
[2023-12-12 18:31:03||] - Will secure any request with [org.springframework.security.web.session.DisableEncodeUrlFilter@38929da, org.springframework.security.web.context.request.async.WebAsyncManagerIntegrationFilter@69d667a5, org.springframework.security.web.context.SecurityContextPersistenceFilter@1c4057f9, org.springframework.security.web.header.HeaderWriterFilter@350f18a6, org.springframework.security.web.authentication.logout.LogoutFilter@1d3a03fe, com.coding.blog.web.security.filter.JwtAuthenticationTokenFilter@26a4f9ed, org.springframework.security.web.savedrequest.RequestCacheAwareFilter@5c1c9881, org.springframework.security.web.servletapi.SecurityContextHolderAwareRequestFilter@1224e1b6, org.springframework.security.web.authentication.AnonymousAuthenticationFilter@7fe87c0e, org.springframework.security.web.session.SessionManagementFilter@7cdfa824, org.springframework.security.web.access.ExceptionTranslationFilter@194224ca, com.coding.blog.web.security.config.DynamicSecurityFilter@23ea8830, org.springframework.security.web.access.intercept.FilterSecurityInterceptor@517a46f3]
[2023-12-12 18:31:03||] - Starting ProtocolHandler ["http-nio-8080"]
[2023-12-12 18:31:03||] - Tomcat started on port(s): 8080 (http) with context path ''
[2023-12-12 18:31:35||] - A cookie header was received [Hm_lvt_2745ad927051c4bc7b7ee34b781df793=1697069968,1697247649,1698747555,1699267107;] that contained an invalid cookie. That cookie will be ignored.
 Note: further occurrences of this error will be logged at DEBUG level.
[2023-12-12 18:31:35||] - Initializing Spring DispatcherServlet 'dispatcherServlet'
[2023-12-12 18:31:35||] - Initializing Servlet 'dispatcherServlet'
[2023-12-12 18:31:35||] - Completed initialization in 1 ms
[2023-12-12 18:31:35||] - method=GET; remoteIp=0:0:0:0:0:0:0:1; agent=Mozilla/5.0 (Windows NT 10.0; Win64; x64) AppleWebKit/537.36 (KHTML, like Gecko) Chrome/119.0.0.0 Safari/537.36; uri=/doc.html; payload=null; cost=31
[2023-12-12 18:31:36||] - method=GET; referer=http://localhost:8080/doc.html; remoteIp=0:0:0:0:0:0:0:1; agent=Mozilla/5.0 (Windows NT 10.0; Win64; x64) AppleWebKit/537.36 (KHTML, like Gecko) Chrome/119.0.0.0 Safari/537.36; uri=/swagger-resources; payload=null; cost=45
[2023-12-12 18:31:36||] - method=GET; referer=http://localhost:8080/doc.html; remoteIp=0:0:0:0:0:0:0:1; agent=Mozilla/5.0 (Windows NT 10.0; Win64; x64) AppleWebKit/537.36 (KHTML, like Gecko) Chrome/119.0.0.0 Safari/537.36; uri=/v2/api-docs?group=后台接口分组; payload=null; cost=90
[2023-12-12 18:31:44||] - method=POST; referer=http://localhost:8080/doc.html; remoteIp=0:0:0:0:0:0:0:1; agent=Mozilla/5.0 (Windows NT 10.0; Win64; x64) AppleWebKit/537.36 (KHTML, like Gecko) Chrome/119.0.0.0 Safari/537.36; uri=/users/login?userLogin=admin&userPass=123456; payload=null; cost=213
[2023-12-12 18:32:14||] - method=POST; referer=http://localhost:8080/doc.html; remoteIp=0:0:0:0:0:0:0:1; agent=Mozilla/5.0 (Windows NT 10.0; Win64; x64) AppleWebKit/537.36 (KHTML, like Gecko) Chrome/119.0.0.0 Safari/537.36; uri=/postTag/save?description=SpringBoot; payload=null; cost=27
[2023-12-12 18:32:18||] - method=POST; referer=http://localhost:8080/doc.html; remoteIp=0:0:0:0:0:0:0:1; agent=Mozilla/5.0 (Windows NT 10.0; Win64; x64) AppleWebKit/537.36 (KHTML, like Gecko) Chrome/119.0.0.0 Safari/537.36; uri=/postTag/save?description=Spring; payload=null; cost=14
[2023-12-12 18:32:22||] - method=POST; referer=http://localhost:8080/doc.html; remoteIp=0:0:0:0:0:0:0:1; agent=Mozilla/5.0 (Windows NT 10.0; Win64; x64) AppleWebKit/537.36 (KHTML, like Gecko) Chrome/119.0.0.0 Safari/537.36; uri=/postTag/save?description=SpringMVC; payload=null; cost=11
[2023-12-12 18:32:28||] - method=POST; referer=http://localhost:8080/doc.html; remoteIp=0:0:0:0:0:0:0:1; agent=Mozilla/5.0 (Windows NT 10.0; Win64; x64) AppleWebKit/537.36 (KHTML, like Gecko) Chrome/119.0.0.0 Safari/537.36; uri=/postTag/save?description=Redis; payload=null; cost=9
[2023-12-12 18:32:34||] - method=POST; referer=http://localhost:8080/doc.html; remoteIp=0:0:0:0:0:0:0:1; agent=Mozilla/5.0 (Windows NT 10.0; Win64; x64) AppleWebKit/537.36 (KHTML, like Gecko) Chrome/119.0.0.0 Safari/537.36; uri=/postTag/save?description=MySql; payload=null; cost=12
[2023-12-12 18:32:38||] - method=POST; referer=http://localhost:8080/doc.html; remoteIp=0:0:0:0:0:0:0:1; agent=Mozilla/5.0 (Windows NT 10.0; Win64; x64) AppleWebKit/537.36 (KHTML, like Gecko) Chrome/119.0.0.0 Safari/537.36; uri=/postTag/save?description=Java; payload=null; cost=9
[2023-12-12 18:32:45||] - method=POST; referer=http://localhost:8080/doc.html; remoteIp=0:0:0:0:0:0:0:1; agent=Mozilla/5.0 (Windows NT 10.0; Win64; x64) AppleWebKit/537.36 (KHTML, like Gecko) Chrome/119.0.0.0 Safari/537.36; uri=/postTag/save?description=Vue; payload=null; cost=13
[2023-12-12 18:32:50||] - method=POST; referer=http://localhost:8080/doc.html; remoteIp=0:0:0:0:0:0:0:1; agent=Mozilla/5.0 (Windows NT 10.0; Win64; x64) AppleWebKit/537.36 (KHTML, like Gecko) Chrome/119.0.0.0 Safari/537.36; uri=/postTag/save?description=test; payload=null; cost=14
[2023-12-12 18:32:56||] - method=GET; referer=http://localhost:8080/doc.html; remoteIp=0:0:0:0:0:0:0:1; agent=Mozilla/5.0 (Windows NT 10.0; Win64; x64) AppleWebKit/537.36 (KHTML, like Gecko) Chrome/119.0.0.0 Safari/537.36; uri=/postTag/queryAllPostTag; payload=null; cost=5
[2023-12-12 18:33:16||] - method=PUT; referer=http://localhost:8080/doc.html; remoteIp=0:0:0:0:0:0:0:1; agent=Mozilla/5.0 (Windows NT 10.0; Win64; x64) AppleWebKit/537.36 (KHTML, like Gecko) Chrome/119.0.0.0 Safari/537.36; uri=/postTag/update?description=test01&postTagId=38; payload=null; cost=9
[2023-12-12 18:33:18||] - method=GET; referer=http://localhost:8080/doc.html; remoteIp=0:0:0:0:0:0:0:1; agent=Mozilla/5.0 (Windows NT 10.0; Win64; x64) AppleWebKit/537.36 (KHTML, like Gecko) Chrome/119.0.0.0 Safari/537.36; uri=/postTag/queryAllPostTag; payload=null; cost=3
[2023-12-12 18:33:27||] - method=GET; referer=http://localhost:8080/doc.html; remoteIp=0:0:0:0:0:0:0:1; agent=Mozilla/5.0 (Windows NT 10.0; Win64; x64) AppleWebKit/537.36 (KHTML, like Gecko) Chrome/119.0.0.0 Safari/537.36; uri=/postTag/queryPostByTagId?postTagId=33; payload=null; cost=9
[2023-12-12 18:34:01||] - method=DELETE; referer=http://localhost:8080/doc.html; remoteIp=0:0:0:0:0:0:0:1; agent=Mozilla/5.0 (Windows NT 10.0; Win64; x64) AppleWebKit/537.36 (KHTML, like Gecko) Chrome/119.0.0.0 Safari/537.36; uri=/postTag/delete?postTagId=38; payload=null; cost=12
[2023-12-12 18:34:04||] - method=GET; referer=http://localhost:8080/doc.html; remoteIp=0:0:0:0:0:0:0:1; agent=Mozilla/5.0 (Windows NT 10.0; Win64; x64) AppleWebKit/537.36 (KHTML, like Gecko) Chrome/119.0.0.0 Safari/537.36; uri=/postTag/queryAllPostTag; payload=null; cost=3
[2023-12-12 18:34:34||] - {dataSource-1} closing ...
[2023-12-12 18:34:34||] - {dataSource-1} closed
