[2023-12-07 09:19:06]|||{"logger":"c.c.blog.web.CodingBlogApplication", "thread":"main", "msg":"Starting CodingBlogApplication using Java 1.8.0_101 on DESKTOP-4C76UQ5 with PID 31304 (D:\JavaCount\project\SpringBootProject\coding-blog\coding-web\target\classes started by Administrator in D:\JavaCount\project\SpringBootProject\coding-blog)"}
[2023-12-07 09:19:06]|||{"logger":"c.c.blog.web.CodingBlogApplication", "thread":"main", "msg":"No active profile set, falling back to 1 default profile: "default""}
[2023-12-07 09:19:06]|||{"logger":"o.m.s.mapper.ClassPathMapperScanner", "thread":"main", "msg":"No MyBatis mapper was found in '[com.coding.blog.web]' package. Please check your configuration."}
[2023-12-07 09:19:07]|||{"logger":"o.s.b.w.e.tomcat.TomcatWebServer", "thread":"main", "msg":"Tomcat initialized with port(s): 8080 (http)"}
[2023-12-07 09:19:07]|||{"logger":"o.a.c.core.AprLifecycleListener", "thread":"main", "msg":"An older version [1.2.14] of the Apache Tomcat Native library is installed, while Tomcat recommends a minimum version of [1.2.38]"}
[2023-12-07 09:19:07]|||{"logger":"o.a.c.core.AprLifecycleListener", "thread":"main", "msg":"Loaded Apache Tomcat Native library [1.2.14] using APR version [1.6.2]."}
[2023-12-07 09:19:07]|||{"logger":"o.a.c.core.AprLifecycleListener", "thread":"main", "msg":"APR capabilities: IPv6 [true], sendfile [true], accept filters [false], random [true], UDS [false]."}
[2023-12-07 09:19:07]|||{"logger":"o.a.c.core.AprLifecycleListener", "thread":"main", "msg":"APR/OpenSSL configuration: useAprConnector [false], useOpenSSL [true]"}
[2023-12-07 09:19:08]|||{"logger":"o.a.c.core.AprLifecycleListener", "thread":"main", "msg":"OpenSSL successfully initialized [OpenSSL 1.0.2l  25 May 2017]"}
[2023-12-07 09:19:08]|||{"logger":"o.a.coyote.http11.Http11NioProtocol", "thread":"main", "msg":"Initializing ProtocolHandler ["http-nio-8080"]"}
[2023-12-07 09:19:08]|||{"logger":"o.a.catalina.core.StandardService", "thread":"main", "msg":"Starting service [Tomcat]"}
[2023-12-07 09:19:08]|||{"logger":"o.a.catalina.core.StandardEngine", "thread":"main", "msg":"Starting Servlet engine: [Apache Tomcat/9.0.82]"}
[2023-12-07 09:19:08]|||{"logger":"o.a.c.c.C.[Tomcat].[localhost].[/]", "thread":"main", "msg":"Initializing Spring embedded WebApplicationContext"}
[2023-12-07 09:19:08]|||{"logger":"o.s.b.w.s.c.ServletWebServerApplicationContext", "thread":"main", "msg":"Root WebApplicationContext: initialization completed in 2384 ms"}
[2023-12-07 09:19:09]|||{"logger":"o.s.s.web.DefaultSecurityFilterChain", "thread":"main", "msg":"Will secure any request with [org.springframework.security.web.session.DisableEncodeUrlFilter@5834198f, org.springframework.security.web.context.request.async.WebAsyncManagerIntegrationFilter@4eb63dc8, org.springframework.security.web.context.SecurityContextPersistenceFilter@77ab5214, org.springframework.security.web.header.HeaderWriterFilter@32e697ac, org.springframework.security.web.authentication.logout.LogoutFilter@49d42faf, com.coding.blog.web.security.filter.JwtAuthenticationTokenFilter@49fdbe2b, org.springframework.security.web.savedrequest.RequestCacheAwareFilter@bd273b2, org.springframework.security.web.servletapi.SecurityContextHolderAwareRequestFilter@6f24ce45, org.springframework.security.web.authentication.AnonymousAuthenticationFilter@402d6012, org.springframework.security.web.session.SessionManagementFilter@44abdb1f, org.springframework.security.web.access.ExceptionTranslationFilter@45796b2a, org.springframework.security.web.access.intercept.FilterSecurityInterceptor@521ba38f]"}
[2023-12-07 09:19:10]|||{"logger":"o.a.coyote.http11.Http11NioProtocol", "thread":"main", "msg":"Starting ProtocolHandler ["http-nio-8080"]"}
[2023-12-07 09:19:10]|||{"logger":"o.s.b.w.e.tomcat.TomcatWebServer", "thread":"main", "msg":"Tomcat started on port(s): 8080 (http) with context path ''"}
[2023-12-07 09:19:10]|||{"logger":"c.c.blog.web.CodingBlogApplication", "thread":"main", "msg":"Started CodingBlogApplication in 4.721 seconds (JVM running for 5.948)"}
[2023-12-07 09:22:33]|||{"logger":"o.a.tomcat.util.http.parser.Cookie", "thread":"http-nio-8080-exec-1", "msg":"A cookie header was received [Hm_lvt_2745ad927051c4bc7b7ee34b781df793=1697069968,1697247649,1698747555,1699267107;] that contained an invalid cookie. That cookie will be ignored.
 Note: further occurrences of this error will be logged at DEBUG level."}
[2023-12-07 09:22:33]|||{"logger":"o.a.c.c.C.[Tomcat].[localhost].[/]", "thread":"http-nio-8080-exec-1", "msg":"Initializing Spring DispatcherServlet 'dispatcherServlet'"}
[2023-12-07 09:22:33]|||{"logger":"o.s.web.servlet.DispatcherServlet", "thread":"http-nio-8080-exec-1", "msg":"Initializing Servlet 'dispatcherServlet'"}
[2023-12-07 09:22:33]|||{"logger":"o.s.web.servlet.DispatcherServlet", "thread":"http-nio-8080-exec-1", "msg":"Completed initialization in 1 ms"}
[2023-12-07 09:22:48]|||{"logger":"c.alibaba.druid.pool.DruidDataSource", "thread":"http-nio-8080-exec-6", "msg":"{dataSource-1} inited"}
[2023-12-07 09:24:41]|||{"logger":"c.c.b.w.s.f.JwtAuthenticationTokenFilter", "thread":"http-nio-8080-exec-3", "msg":"checking username:admin"}
[2023-12-07 09:24:41]|||{"logger":"c.a.d.pool.DruidAbstractDataSource", "thread":"http-nio-8080-exec-3", "msg":"discard long time none received connection. , jdbcUrl : jdbc:mysql://127.0.0.1:3306/coding_blog?useUnicode=true&characterEncoding=utf-8&serverTimezone=Asia/Shanghai&useSSL=false, version : 1.2.5, lastPacketReceivedIdleMillis : 112785"}
[2023-12-07 09:24:41]|||{"logger":"c.c.b.w.s.f.JwtAuthenticationTokenFilter", "thread":"http-nio-8080-exec-3", "msg":"authenticated user:admin"}
[2023-12-07 09:25:13]|||{"logger":"c.c.b.w.s.f.JwtAuthenticationTokenFilter", "thread":"http-nio-8080-exec-4", "msg":"checking username:admin"}
[2023-12-07 09:25:13]|||{"logger":"c.c.b.w.s.f.JwtAuthenticationTokenFilter", "thread":"http-nio-8080-exec-4", "msg":"authenticated user:admin"}
[2023-12-07 09:25:46]|||{"logger":"c.c.b.w.s.f.JwtAuthenticationTokenFilter", "thread":"http-nio-8080-exec-6", "msg":"checking username:admin"}
[2023-12-07 09:25:46]|||{"logger":"c.c.b.w.s.f.JwtAuthenticationTokenFilter", "thread":"http-nio-8080-exec-6", "msg":"authenticated user:admin"}
[2023-12-07 09:26:03]|||{"logger":"c.c.b.w.s.f.JwtAuthenticationTokenFilter", "thread":"http-nio-8080-exec-7", "msg":"checking username:admin"}
[2023-12-07 09:26:03]|||{"logger":"c.c.b.w.s.f.JwtAuthenticationTokenFilter", "thread":"http-nio-8080-exec-7", "msg":"authenticated user:admin"}
[2023-12-07 09:26:10]|||{"logger":"c.c.b.w.s.f.JwtAuthenticationTokenFilter", "thread":"http-nio-8080-exec-8", "msg":"checking username:admin"}
[2023-12-07 09:26:10]|||{"logger":"c.c.b.w.s.f.JwtAuthenticationTokenFilter", "thread":"http-nio-8080-exec-8", "msg":"authenticated user:admin"}
[2023-12-07 09:26:29]|||{"logger":"c.c.b.w.s.f.JwtAuthenticationTokenFilter", "thread":"http-nio-8080-exec-10", "msg":"checking username:admin"}
[2023-12-07 09:26:29]|||{"logger":"c.c.b.w.s.f.JwtAuthenticationTokenFilter", "thread":"http-nio-8080-exec-10", "msg":"authenticated user:admin"}
[2023-12-07 09:26:30]|||{"logger":"c.c.b.w.s.f.JwtAuthenticationTokenFilter", "thread":"http-nio-8080-exec-9", "msg":"checking username:admin"}
[2023-12-07 09:26:30]|||{"logger":"c.c.b.w.s.f.JwtAuthenticationTokenFilter", "thread":"http-nio-8080-exec-9", "msg":"authenticated user:admin"}
[2023-12-07 09:26:30]|||{"logger":"c.c.b.w.s.f.JwtAuthenticationTokenFilter", "thread":"http-nio-8080-exec-1", "msg":"checking username:admin"}
[2023-12-07 09:26:30]|||{"logger":"c.c.b.w.s.f.JwtAuthenticationTokenFilter", "thread":"http-nio-8080-exec-1", "msg":"authenticated user:admin"}
[2023-12-07 09:26:30]|||{"logger":"c.c.b.w.s.f.JwtAuthenticationTokenFilter", "thread":"http-nio-8080-exec-2", "msg":"checking username:admin"}
[2023-12-07 09:26:30]|||{"logger":"c.c.b.w.s.f.JwtAuthenticationTokenFilter", "thread":"http-nio-8080-exec-2", "msg":"authenticated user:admin"}
[2023-12-07 09:26:31]|||{"logger":"c.c.b.w.s.f.JwtAuthenticationTokenFilter", "thread":"http-nio-8080-exec-3", "msg":"checking username:admin"}
[2023-12-07 09:26:31]|||{"logger":"c.c.b.w.s.f.JwtAuthenticationTokenFilter", "thread":"http-nio-8080-exec-3", "msg":"authenticated user:admin"}
[2023-12-07 09:26:43]|||{"logger":"c.c.b.w.s.f.JwtAuthenticationTokenFilter", "thread":"http-nio-8080-exec-4", "msg":"checking username:admin"}
[2023-12-07 09:26:43]|||{"logger":"c.c.b.w.s.f.JwtAuthenticationTokenFilter", "thread":"http-nio-8080-exec-4", "msg":"authenticated user:admin"}
[2023-12-07 09:26:47]|||{"logger":"c.c.b.w.s.f.JwtAuthenticationTokenFilter", "thread":"http-nio-8080-exec-5", "msg":"checking username:admin"}
[2023-12-07 09:26:47]|||{"logger":"c.c.b.w.s.f.JwtAuthenticationTokenFilter", "thread":"http-nio-8080-exec-5", "msg":"authenticated user:admin"}
[2023-12-07 09:26:47]|||{"logger":"c.c.b.w.s.f.JwtAuthenticationTokenFilter", "thread":"http-nio-8080-exec-6", "msg":"checking username:admin"}
[2023-12-07 09:26:47]|||{"logger":"c.c.b.w.s.f.JwtAuthenticationTokenFilter", "thread":"http-nio-8080-exec-6", "msg":"authenticated user:admin"}
[2023-12-07 09:26:51]|||{"logger":"c.c.b.w.s.f.JwtAuthenticationTokenFilter", "thread":"http-nio-8080-exec-7", "msg":"checking username:admin"}
[2023-12-07 09:26:51]|||{"logger":"c.c.b.w.s.f.JwtAuthenticationTokenFilter", "thread":"http-nio-8080-exec-7", "msg":"authenticated user:admin"}
[2023-12-07 09:26:54]|||{"logger":"c.c.b.w.s.f.JwtAuthenticationTokenFilter", "thread":"http-nio-8080-exec-8", "msg":"checking username:admin"}
[2023-12-07 09:26:54]|||{"logger":"c.c.b.w.s.f.JwtAuthenticationTokenFilter", "thread":"http-nio-8080-exec-8", "msg":"authenticated user:admin"}
[2023-12-07 09:29:37]|||{"logger":"c.c.b.w.s.f.JwtAuthenticationTokenFilter", "thread":"http-nio-8080-exec-9", "msg":"checking username:admin"}
[2023-12-07 09:29:37]|||{"logger":"c.a.d.pool.DruidAbstractDataSource", "thread":"http-nio-8080-exec-9", "msg":"discard long time none received connection. , jdbcUrl : jdbc:mysql://127.0.0.1:3306/coding_blog?useUnicode=true&characterEncoding=utf-8&serverTimezone=Asia/Shanghai&useSSL=false, version : 1.2.5, lastPacketReceivedIdleMillis : 163298"}
[2023-12-07 09:29:37]|||{"logger":"c.c.b.w.s.f.JwtAuthenticationTokenFilter", "thread":"http-nio-8080-exec-9", "msg":"authenticated user:admin"}
[2023-12-07 09:29:37]|||{"logger":"o.s.w.s.m.s.DefaultHandlerExceptionResolver", "thread":"http-nio-8080-exec-9", "msg":"Resolved [org.springframework.web.bind.MissingServletRequestParameterException: Required request parameter '1' for method parameter type Integer is not present]"}
[2023-12-07 09:32:11]|||{"logger":"c.alibaba.druid.pool.DruidDataSource", "thread":"SpringApplicationShutdownHook", "msg":"{dataSource-1} closing ..."}
[2023-12-07 09:32:11]|||{"logger":"c.alibaba.druid.pool.DruidDataSource", "thread":"SpringApplicationShutdownHook", "msg":"{dataSource-1} closed"}
[2023-12-07 09:32:17]|||{"logger":"c.c.blog.web.CodingBlogApplication", "thread":"main", "msg":"Starting CodingBlogApplication using Java 1.8.0_101 on DESKTOP-4C76UQ5 with PID 3368 (D:\JavaCount\project\SpringBootProject\coding-blog\coding-web\target\classes started by Administrator in D:\JavaCount\project\SpringBootProject\coding-blog)"}
[2023-12-07 09:32:17]|||{"logger":"c.c.blog.web.CodingBlogApplication", "thread":"main", "msg":"No active profile set, falling back to 1 default profile: "default""}
[2023-12-07 09:32:18]|||{"logger":"o.m.s.mapper.ClassPathMapperScanner", "thread":"main", "msg":"No MyBatis mapper was found in '[com.coding.blog.web]' package. Please check your configuration."}
[2023-12-07 09:32:18]|||{"logger":"o.s.b.w.e.tomcat.TomcatWebServer", "thread":"main", "msg":"Tomcat initialized with port(s): 8080 (http)"}
[2023-12-07 09:32:18]|||{"logger":"o.a.c.core.AprLifecycleListener", "thread":"main", "msg":"An older version [1.2.14] of the Apache Tomcat Native library is installed, while Tomcat recommends a minimum version of [1.2.38]"}
[2023-12-07 09:32:18]|||{"logger":"o.a.c.core.AprLifecycleListener", "thread":"main", "msg":"Loaded Apache Tomcat Native library [1.2.14] using APR version [1.6.2]."}
[2023-12-07 09:32:18]|||{"logger":"o.a.c.core.AprLifecycleListener", "thread":"main", "msg":"APR capabilities: IPv6 [true], sendfile [true], accept filters [false], random [true], UDS [false]."}
[2023-12-07 09:32:18]|||{"logger":"o.a.c.core.AprLifecycleListener", "thread":"main", "msg":"APR/OpenSSL configuration: useAprConnector [false], useOpenSSL [true]"}
[2023-12-07 09:32:19]|||{"logger":"o.a.c.core.AprLifecycleListener", "thread":"main", "msg":"OpenSSL successfully initialized [OpenSSL 1.0.2l  25 May 2017]"}
[2023-12-07 09:32:19]|||{"logger":"o.a.coyote.http11.Http11NioProtocol", "thread":"main", "msg":"Initializing ProtocolHandler ["http-nio-8080"]"}
[2023-12-07 09:32:19]|||{"logger":"o.a.catalina.core.StandardService", "thread":"main", "msg":"Starting service [Tomcat]"}
[2023-12-07 09:32:19]|||{"logger":"o.a.catalina.core.StandardEngine", "thread":"main", "msg":"Starting Servlet engine: [Apache Tomcat/9.0.82]"}
[2023-12-07 09:32:20]|||{"logger":"o.a.c.c.C.[Tomcat].[localhost].[/]", "thread":"main", "msg":"Initializing Spring embedded WebApplicationContext"}
[2023-12-07 09:32:20]|||{"logger":"o.s.b.w.s.c.ServletWebServerApplicationContext", "thread":"main", "msg":"Root WebApplicationContext: initialization completed in 2146 ms"}
[2023-12-07 09:32:21]|||{"logger":"o.s.s.web.DefaultSecurityFilterChain", "thread":"main", "msg":"Will secure any request with [org.springframework.security.web.session.DisableEncodeUrlFilter@d120d7c, org.springframework.security.web.context.request.async.WebAsyncManagerIntegrationFilter@5ee77baf, org.springframework.security.web.context.SecurityContextPersistenceFilter@2e7bb00e, org.springframework.security.web.header.HeaderWriterFilter@19faedcc, org.springframework.security.web.authentication.logout.LogoutFilter@5ad57e90, com.coding.blog.web.security.filter.JwtAuthenticationTokenFilter@6371cf2f, org.springframework.security.web.savedrequest.RequestCacheAwareFilter@74d22ddd, org.springframework.security.web.servletapi.SecurityContextHolderAwareRequestFilter@5b665a30, org.springframework.security.web.authentication.AnonymousAuthenticationFilter@485deee1, org.springframework.security.web.session.SessionManagementFilter@2f1f9515, org.springframework.security.web.access.ExceptionTranslationFilter@1a2724d3, org.springframework.security.web.access.intercept.FilterSecurityInterceptor@b5de9ac]"}
[2023-12-07 09:32:21]|||{"logger":"o.a.coyote.http11.Http11NioProtocol", "thread":"main", "msg":"Starting ProtocolHandler ["http-nio-8080"]"}
[2023-12-07 09:32:21]|||{"logger":"o.s.b.w.e.tomcat.TomcatWebServer", "thread":"main", "msg":"Tomcat started on port(s): 8080 (http) with context path ''"}
[2023-12-07 09:32:21]|||{"logger":"c.c.blog.web.CodingBlogApplication", "thread":"main", "msg":"Started CodingBlogApplication in 4.251 seconds (JVM running for 5.009)"}
[2023-12-07 09:32:28]|||{"logger":"o.a.tomcat.util.http.parser.Cookie", "thread":"http-nio-8080-exec-2", "msg":"A cookie header was received [Hm_lvt_2745ad927051c4bc7b7ee34b781df793=1697069968,1697247649,1698747555,1699267107;] that contained an invalid cookie. That cookie will be ignored.
 Note: further occurrences of this error will be logged at DEBUG level."}
[2023-12-07 09:32:28]|||{"logger":"o.a.c.c.C.[Tomcat].[localhost].[/]", "thread":"http-nio-8080-exec-2", "msg":"Initializing Spring DispatcherServlet 'dispatcherServlet'"}
[2023-12-07 09:32:28]|||{"logger":"o.s.web.servlet.DispatcherServlet", "thread":"http-nio-8080-exec-2", "msg":"Initializing Servlet 'dispatcherServlet'"}
[2023-12-07 09:32:28]|||{"logger":"o.s.web.servlet.DispatcherServlet", "thread":"http-nio-8080-exec-2", "msg":"Completed initialization in 1 ms"}
[2023-12-07 09:32:36]|||{"logger":"c.c.b.w.s.f.JwtAuthenticationTokenFilter", "thread":"http-nio-8080-exec-4", "msg":"checking username:admin"}
[2023-12-07 09:32:36]|||{"logger":"c.alibaba.druid.pool.DruidDataSource", "thread":"http-nio-8080-exec-4", "msg":"{dataSource-1} inited"}
[2023-12-07 09:32:36]|||{"logger":"c.c.b.w.s.f.JwtAuthenticationTokenFilter", "thread":"http-nio-8080-exec-4", "msg":"authenticated user:admin"}
[2023-12-07 09:33:30]|||{"logger":"c.alibaba.druid.pool.DruidDataSource", "thread":"SpringApplicationShutdownHook", "msg":"{dataSource-1} closing ..."}
[2023-12-07 09:33:30]|||{"logger":"c.alibaba.druid.pool.DruidDataSource", "thread":"SpringApplicationShutdownHook", "msg":"{dataSource-1} closed"}
[2023-12-07 09:33:34]|||{"logger":"c.c.blog.web.CodingBlogApplication", "thread":"main", "msg":"Starting CodingBlogApplication using Java 1.8.0_101 on DESKTOP-4C76UQ5 with PID 28948 (D:\JavaCount\project\SpringBootProject\coding-blog\coding-web\target\classes started by Administrator in D:\JavaCount\project\SpringBootProject\coding-blog)"}
[2023-12-07 09:33:34]|||{"logger":"c.c.blog.web.CodingBlogApplication", "thread":"main", "msg":"No active profile set, falling back to 1 default profile: "default""}
[2023-12-07 09:33:35]|||{"logger":"o.m.s.mapper.ClassPathMapperScanner", "thread":"main", "msg":"No MyBatis mapper was found in '[com.coding.blog.web]' package. Please check your configuration."}
[2023-12-07 09:33:35]|||{"logger":"o.s.b.w.e.tomcat.TomcatWebServer", "thread":"main", "msg":"Tomcat initialized with port(s): 8080 (http)"}
[2023-12-07 09:33:35]|||{"logger":"o.a.c.core.AprLifecycleListener", "thread":"main", "msg":"An older version [1.2.14] of the Apache Tomcat Native library is installed, while Tomcat recommends a minimum version of [1.2.38]"}
[2023-12-07 09:33:35]|||{"logger":"o.a.c.core.AprLifecycleListener", "thread":"main", "msg":"Loaded Apache Tomcat Native library [1.2.14] using APR version [1.6.2]."}
[2023-12-07 09:33:35]|||{"logger":"o.a.c.core.AprLifecycleListener", "thread":"main", "msg":"APR capabilities: IPv6 [true], sendfile [true], accept filters [false], random [true], UDS [false]."}
[2023-12-07 09:33:35]|||{"logger":"o.a.c.core.AprLifecycleListener", "thread":"main", "msg":"APR/OpenSSL configuration: useAprConnector [false], useOpenSSL [true]"}
[2023-12-07 09:33:36]|||{"logger":"o.a.c.core.AprLifecycleListener", "thread":"main", "msg":"OpenSSL successfully initialized [OpenSSL 1.0.2l  25 May 2017]"}
[2023-12-07 09:33:36]|||{"logger":"o.a.coyote.http11.Http11NioProtocol", "thread":"main", "msg":"Initializing ProtocolHandler ["http-nio-8080"]"}
[2023-12-07 09:33:36]|||{"logger":"o.a.catalina.core.StandardService", "thread":"main", "msg":"Starting service [Tomcat]"}
[2023-12-07 09:33:36]|||{"logger":"o.a.catalina.core.StandardEngine", "thread":"main", "msg":"Starting Servlet engine: [Apache Tomcat/9.0.82]"}
[2023-12-07 09:33:36]|||{"logger":"o.a.c.c.C.[Tomcat].[localhost].[/]", "thread":"main", "msg":"Initializing Spring embedded WebApplicationContext"}
[2023-12-07 09:33:36]|||{"logger":"o.s.b.w.s.c.ServletWebServerApplicationContext", "thread":"main", "msg":"Root WebApplicationContext: initialization completed in 2228 ms"}
[2023-12-07 09:33:38]|||{"logger":"o.s.s.web.DefaultSecurityFilterChain", "thread":"main", "msg":"Will secure any request with [org.springframework.security.web.session.DisableEncodeUrlFilter@4a9bce99, org.springframework.security.web.context.request.async.WebAsyncManagerIntegrationFilter@5a0f87e5, org.springframework.security.web.context.SecurityContextPersistenceFilter@5ab5924c, org.springframework.security.web.header.HeaderWriterFilter@9205c0a, org.springframework.security.web.authentication.logout.LogoutFilter@5c76fce4, com.coding.blog.web.security.filter.JwtAuthenticationTokenFilter@38588dea, org.springframework.security.web.savedrequest.RequestCacheAwareFilter@37cfda1c, org.springframework.security.web.servletapi.SecurityContextHolderAwareRequestFilter@191f4d65, org.springframework.security.web.authentication.AnonymousAuthenticationFilter@243c4346, org.springframework.security.web.session.SessionManagementFilter@5b665a30, org.springframework.security.web.access.ExceptionTranslationFilter@5b4954b2, org.springframework.security.web.access.intercept.FilterSecurityInterceptor@25cde5bb]"}
[2023-12-07 09:33:38]|||{"logger":"o.a.coyote.http11.Http11NioProtocol", "thread":"main", "msg":"Starting ProtocolHandler ["http-nio-8080"]"}
[2023-12-07 09:33:38]|||{"logger":"o.s.b.w.e.tomcat.TomcatWebServer", "thread":"main", "msg":"Tomcat started on port(s): 8080 (http) with context path ''"}
[2023-12-07 09:33:38]|||{"logger":"c.c.blog.web.CodingBlogApplication", "thread":"main", "msg":"Started CodingBlogApplication in 4.376 seconds (JVM running for 5.124)"}
[2023-12-07 09:33:41]|||{"logger":"o.a.tomcat.util.http.parser.Cookie", "thread":"http-nio-8080-exec-1", "msg":"A cookie header was received [Hm_lvt_2745ad927051c4bc7b7ee34b781df793=1697069968,1697247649,1698747555,1699267107;] that contained an invalid cookie. That cookie will be ignored.
 Note: further occurrences of this error will be logged at DEBUG level."}
[2023-12-07 09:33:41]|||{"logger":"o.a.c.c.C.[Tomcat].[localhost].[/]", "thread":"http-nio-8080-exec-1", "msg":"Initializing Spring DispatcherServlet 'dispatcherServlet'"}
[2023-12-07 09:33:41]|||{"logger":"o.s.web.servlet.DispatcherServlet", "thread":"http-nio-8080-exec-1", "msg":"Initializing Servlet 'dispatcherServlet'"}
[2023-12-07 09:33:41]|||{"logger":"o.s.web.servlet.DispatcherServlet", "thread":"http-nio-8080-exec-1", "msg":"Completed initialization in 3 ms"}
[2023-12-07 09:34:25]|||{"logger":"c.c.b.w.s.f.JwtAuthenticationTokenFilter", "thread":"http-nio-8080-exec-4", "msg":"checking username:admin"}
[2023-12-07 09:34:25]|||{"logger":"c.alibaba.druid.pool.DruidDataSource", "thread":"http-nio-8080-exec-4", "msg":"{dataSource-1} inited"}
[2023-12-07 09:34:25]|||{"logger":"c.c.b.w.s.f.JwtAuthenticationTokenFilter", "thread":"http-nio-8080-exec-4", "msg":"authenticated user:admin"}
[2023-12-07 09:34:50]|||{"logger":"c.c.b.w.s.f.JwtAuthenticationTokenFilter", "thread":"http-nio-8080-exec-6", "msg":"checking username:admin"}
[2023-12-07 09:34:50]|||{"logger":"c.c.b.w.s.f.JwtAuthenticationTokenFilter", "thread":"http-nio-8080-exec-6", "msg":"authenticated user:admin"}
[2023-12-07 09:35:58]|||{"logger":"c.alibaba.druid.pool.DruidDataSource", "thread":"SpringApplicationShutdownHook", "msg":"{dataSource-1} closing ..."}
[2023-12-07 09:35:58]|||{"logger":"c.alibaba.druid.pool.DruidDataSource", "thread":"SpringApplicationShutdownHook", "msg":"{dataSource-1} closed"}
[2023-12-07 09:36:02]|||{"logger":"c.c.blog.web.CodingBlogApplication", "thread":"main", "msg":"Starting CodingBlogApplication using Java 1.8.0_101 on DESKTOP-4C76UQ5 with PID 12692 (D:\JavaCount\project\SpringBootProject\coding-blog\coding-web\target\classes started by Administrator in D:\JavaCount\project\SpringBootProject\coding-blog)"}
[2023-12-07 09:36:02]|||{"logger":"c.c.blog.web.CodingBlogApplication", "thread":"main", "msg":"No active profile set, falling back to 1 default profile: "default""}
[2023-12-07 09:36:03]|||{"logger":"o.m.s.mapper.ClassPathMapperScanner", "thread":"main", "msg":"No MyBatis mapper was found in '[com.coding.blog.web]' package. Please check your configuration."}
[2023-12-07 09:36:03]|||{"logger":"o.s.b.w.e.tomcat.TomcatWebServer", "thread":"main", "msg":"Tomcat initialized with port(s): 8080 (http)"}
[2023-12-07 09:36:03]|||{"logger":"o.a.c.core.AprLifecycleListener", "thread":"main", "msg":"An older version [1.2.14] of the Apache Tomcat Native library is installed, while Tomcat recommends a minimum version of [1.2.38]"}
[2023-12-07 09:36:03]|||{"logger":"o.a.c.core.AprLifecycleListener", "thread":"main", "msg":"Loaded Apache Tomcat Native library [1.2.14] using APR version [1.6.2]."}
[2023-12-07 09:36:03]|||{"logger":"o.a.c.core.AprLifecycleListener", "thread":"main", "msg":"APR capabilities: IPv6 [true], sendfile [true], accept filters [false], random [true], UDS [false]."}
[2023-12-07 09:36:03]|||{"logger":"o.a.c.core.AprLifecycleListener", "thread":"main", "msg":"APR/OpenSSL configuration: useAprConnector [false], useOpenSSL [true]"}
[2023-12-07 09:36:04]|||{"logger":"o.a.c.core.AprLifecycleListener", "thread":"main", "msg":"OpenSSL successfully initialized [OpenSSL 1.0.2l  25 May 2017]"}
[2023-12-07 09:36:04]|||{"logger":"o.a.coyote.http11.Http11NioProtocol", "thread":"main", "msg":"Initializing ProtocolHandler ["http-nio-8080"]"}
[2023-12-07 09:36:04]|||{"logger":"o.a.catalina.core.StandardService", "thread":"main", "msg":"Starting service [Tomcat]"}
[2023-12-07 09:36:04]|||{"logger":"o.a.catalina.core.StandardEngine", "thread":"main", "msg":"Starting Servlet engine: [Apache Tomcat/9.0.82]"}
[2023-12-07 09:36:04]|||{"logger":"o.a.c.c.C.[Tomcat].[localhost].[/]", "thread":"main", "msg":"Initializing Spring embedded WebApplicationContext"}
[2023-12-07 09:36:04]|||{"logger":"o.s.b.w.s.c.ServletWebServerApplicationContext", "thread":"main", "msg":"Root WebApplicationContext: initialization completed in 2183 ms"}
[2023-12-07 09:36:06]|||{"logger":"o.s.s.web.DefaultSecurityFilterChain", "thread":"main", "msg":"Will secure any request with [org.springframework.security.web.session.DisableEncodeUrlFilter@1752e45c, org.springframework.security.web.context.request.async.WebAsyncManagerIntegrationFilter@5ed65e4b, org.springframework.security.web.context.SecurityContextPersistenceFilter@6d001fbe, org.springframework.security.web.header.HeaderWriterFilter@52b32b70, org.springframework.security.web.authentication.logout.LogoutFilter@3193e21d, com.coding.blog.web.security.filter.JwtAuthenticationTokenFilter@43da0955, org.springframework.security.web.savedrequest.RequestCacheAwareFilter@5ee77baf, org.springframework.security.web.servletapi.SecurityContextHolderAwareRequestFilter@43a7203e, org.springframework.security.web.authentication.AnonymousAuthenticationFilter@481ed95c, org.springframework.security.web.session.SessionManagementFilter@145e958f, org.springframework.security.web.access.ExceptionTranslationFilter@30eedaa4, org.springframework.security.web.access.intercept.FilterSecurityInterceptor@1f42366]"}
[2023-12-07 09:36:06]|||{"logger":"o.a.coyote.http11.Http11NioProtocol", "thread":"main", "msg":"Starting ProtocolHandler ["http-nio-8080"]"}
[2023-12-07 09:36:06]|||{"logger":"o.s.b.w.e.tomcat.TomcatWebServer", "thread":"main", "msg":"Tomcat started on port(s): 8080 (http) with context path ''"}
[2023-12-07 09:36:06]|||{"logger":"c.c.blog.web.CodingBlogApplication", "thread":"main", "msg":"Started CodingBlogApplication in 4.342 seconds (JVM running for 5.076)"}
[2023-12-07 09:37:15]|||{"logger":"o.a.tomcat.util.http.parser.Cookie", "thread":"http-nio-8080-exec-1", "msg":"A cookie header was received [Hm_lvt_2745ad927051c4bc7b7ee34b781df793=1697069968,1697247649,1698747555,1699267107;] that contained an invalid cookie. That cookie will be ignored.
 Note: further occurrences of this error will be logged at DEBUG level."}
[2023-12-07 09:37:15]|||{"logger":"o.a.c.c.C.[Tomcat].[localhost].[/]", "thread":"http-nio-8080-exec-1", "msg":"Initializing Spring DispatcherServlet 'dispatcherServlet'"}
[2023-12-07 09:37:15]|||{"logger":"o.s.web.servlet.DispatcherServlet", "thread":"http-nio-8080-exec-1", "msg":"Initializing Servlet 'dispatcherServlet'"}
[2023-12-07 09:37:15]|||{"logger":"o.s.web.servlet.DispatcherServlet", "thread":"http-nio-8080-exec-1", "msg":"Completed initialization in 2 ms"}
[2023-12-07 09:37:15]|||{"logger":"c.c.b.w.s.f.JwtAuthenticationTokenFilter", "thread":"http-nio-8080-exec-1", "msg":"checking username:admin"}
[2023-12-07 09:37:16]|||{"logger":"c.alibaba.druid.pool.DruidDataSource", "thread":"http-nio-8080-exec-1", "msg":"{dataSource-1} inited"}
[2023-12-07 09:37:16]|||{"logger":"c.c.b.w.s.f.JwtAuthenticationTokenFilter", "thread":"http-nio-8080-exec-1", "msg":"authenticated user:admin"}
[2023-12-07 09:37:34]|||{"logger":"c.c.b.w.s.f.JwtAuthenticationTokenFilter", "thread":"http-nio-8080-exec-2", "msg":"checking username:admin"}
[2023-12-07 09:37:34]|||{"logger":"c.c.b.w.s.f.JwtAuthenticationTokenFilter", "thread":"http-nio-8080-exec-2", "msg":"authenticated user:admin"}
[2023-12-07 09:37:58]|||{"logger":"c.c.b.w.s.f.JwtAuthenticationTokenFilter", "thread":"http-nio-8080-exec-4", "msg":"checking username:admin"}
[2023-12-07 09:37:58]|||{"logger":"c.c.b.w.s.f.JwtAuthenticationTokenFilter", "thread":"http-nio-8080-exec-4", "msg":"authenticated user:admin"}
[2023-12-07 09:38:12]|||{"logger":"c.c.b.w.s.f.JwtAuthenticationTokenFilter", "thread":"http-nio-8080-exec-5", "msg":"checking username:admin"}
[2023-12-07 09:38:12]|||{"logger":"c.c.b.w.s.f.JwtAuthenticationTokenFilter", "thread":"http-nio-8080-exec-5", "msg":"authenticated user:admin"}
[2023-12-07 09:38:20]|||{"logger":"c.c.b.w.s.f.JwtAuthenticationTokenFilter", "thread":"http-nio-8080-exec-6", "msg":"checking username:admin"}
[2023-12-07 09:38:20]|||{"logger":"c.c.b.w.s.f.JwtAuthenticationTokenFilter", "thread":"http-nio-8080-exec-6", "msg":"authenticated user:admin"}
[2023-12-07 09:38:32]|||{"logger":"c.c.b.w.s.f.JwtAuthenticationTokenFilter", "thread":"http-nio-8080-exec-7", "msg":"checking username:admin"}
[2023-12-07 09:38:32]|||{"logger":"c.c.b.w.s.f.JwtAuthenticationTokenFilter", "thread":"http-nio-8080-exec-7", "msg":"authenticated user:admin"}
[2023-12-07 09:38:32]|||{"logger":"o.a.c.c.C.[.[.[.[dispatcherServlet]", "thread":"http-nio-8080-exec-7", "msg":"Servlet.service() for servlet [dispatcherServlet] in context with path [] threw exception [Request processing failed; nested exception is java.lang.NullPointerException] with root cause"}
java.lang.NullPointerException: null
	at com.coding.blog.web.admin.RoleController.updateStatus(RoleController.java:94)
	at sun.reflect.NativeMethodAccessorImpl.invoke0(Native Method)
	at sun.reflect.NativeMethodAccessorImpl.invoke(NativeMethodAccessorImpl.java:62)
	at sun.reflect.DelegatingMethodAccessorImpl.invoke(DelegatingMethodAccessorImpl.java:43)
	at java.lang.reflect.Method.invoke(Method.java:498)
	at org.springframework.web.method.support.InvocableHandlerMethod.doInvoke(InvocableHandlerMethod.java:205)
	at org.springframework.web.method.support.InvocableHandlerMethod.invokeForRequest(InvocableHandlerMethod.java:150)
	at org.springframework.web.servlet.mvc.method.annotation.ServletInvocableHandlerMethod.invokeAndHandle(ServletInvocableHandlerMethod.java:117)
	at org.springframework.web.servlet.mvc.method.annotation.RequestMappingHandlerAdapter.invokeHandlerMethod(RequestMappingHandlerAdapter.java:895)
	at org.springframework.web.servlet.mvc.method.annotation.RequestMappingHandlerAdapter.handleInternal(RequestMappingHandlerAdapter.java:808)
	at org.springframework.web.servlet.mvc.method.AbstractHandlerMethodAdapter.handle(AbstractHandlerMethodAdapter.java:87)
	at org.springframework.web.servlet.DispatcherServlet.doDispatch(DispatcherServlet.java:1072)
	at org.springframework.web.servlet.DispatcherServlet.doService(DispatcherServlet.java:965)
	at org.springframework.web.servlet.FrameworkServlet.processRequest(FrameworkServlet.java:1006)
	at org.springframework.web.servlet.FrameworkServlet.doGet(FrameworkServlet.java:898)
	at javax.servlet.http.HttpServlet.service(HttpServlet.java:529)
	at org.springframework.web.servlet.FrameworkServlet.service(FrameworkServlet.java:883)
	at javax.servlet.http.HttpServlet.service(HttpServlet.java:623)
	at org.apache.catalina.core.ApplicationFilterChain.internalDoFilter(ApplicationFilterChain.java:209)
	at org.apache.catalina.core.ApplicationFilterChain.doFilter(ApplicationFilterChain.java:153)
	at org.apache.tomcat.websocket.server.WsFilter.doFilter(WsFilter.java:51)
	at org.apache.catalina.core.ApplicationFilterChain.internalDoFilter(ApplicationFilterChain.java:178)
	at org.apache.catalina.core.ApplicationFilterChain.doFilter(ApplicationFilterChain.java:153)
	at org.springframework.web.filter.OncePerRequestFilter.doFilter(OncePerRequestFilter.java:111)
	at org.apache.catalina.core.ApplicationFilterChain.internalDoFilter(ApplicationFilterChain.java:178)
	at org.apache.catalina.core.ApplicationFilterChain.doFilter(ApplicationFilterChain.java:153)
	at org.springframework.security.web.FilterChainProxy$VirtualFilterChain.doFilter(FilterChainProxy.java:337)
	at org.springframework.security.web.access.intercept.FilterSecurityInterceptor.invoke(FilterSecurityInterceptor.java:115)
	at org.springframework.security.web.access.intercept.FilterSecurityInterceptor.doFilter(FilterSecurityInterceptor.java:81)
	at org.springframework.security.web.FilterChainProxy$VirtualFilterChain.doFilter(FilterChainProxy.java:346)
	at org.springframework.security.web.access.ExceptionTranslationFilter.doFilter(ExceptionTranslationFilter.java:122)
	at org.springframework.security.web.access.ExceptionTranslationFilter.doFilter(ExceptionTranslationFilter.java:116)
	at org.springframework.security.web.FilterChainProxy$VirtualFilterChain.doFilter(FilterChainProxy.java:346)
	at org.springframework.security.web.session.SessionManagementFilter.doFilter(SessionManagementFilter.java:126)
	at org.springframework.security.web.session.SessionManagementFilter.doFilter(SessionManagementFilter.java:81)
	at org.springframework.security.web.FilterChainProxy$VirtualFilterChain.doFilter(FilterChainProxy.java:346)
	at org.springframework.security.web.authentication.AnonymousAuthenticationFilter.doFilter(AnonymousAuthenticationFilter.java:109)
	at org.springframework.security.web.FilterChainProxy$VirtualFilterChain.doFilter(FilterChainProxy.java:346)
	at org.springframework.security.web.servletapi.SecurityContextHolderAwareRequestFilter.doFilter(SecurityContextHolderAwareRequestFilter.java:149)
	at org.springframework.security.web.FilterChainProxy$VirtualFilterChain.doFilter(FilterChainProxy.java:346)
	at org.springframework.security.web.savedrequest.RequestCacheAwareFilter.doFilter(RequestCacheAwareFilter.java:63)
	at org.springframework.security.web.FilterChainProxy$VirtualFilterChain.doFilter(FilterChainProxy.java:346)
	at com.coding.blog.web.security.filter.JwtAuthenticationTokenFilter.doFilterInternal(JwtAuthenticationTokenFilter.java:68)
	at org.springframework.web.filter.OncePerRequestFilter.doFilter(OncePerRequestFilter.java:117)
	at org.springframework.security.web.FilterChainProxy$VirtualFilterChain.doFilter(FilterChainProxy.java:346)
	at org.springframework.security.web.authentication.logout.LogoutFilter.doFilter(LogoutFilter.java:103)
	at org.springframework.security.web.authentication.logout.LogoutFilter.doFilter(LogoutFilter.java:89)
	at org.springframework.security.web.FilterChainProxy$VirtualFilterChain.doFilter(FilterChainProxy.java:346)
	at org.springframework.security.web.header.HeaderWriterFilter.doHeadersAfter(HeaderWriterFilter.java:90)
	at org.springframework.security.web.header.HeaderWriterFilter.doFilterInternal(HeaderWriterFilter.java:75)
	at org.springframework.web.filter.OncePerRequestFilter.doFilter(OncePerRequestFilter.java:117)
	at org.springframework.security.web.FilterChainProxy$VirtualFilterChain.doFilter(FilterChainProxy.java:346)
	at org.springframework.security.web.context.SecurityContextPersistenceFilter.doFilter(SecurityContextPersistenceFilter.java:112)
	at org.springframework.security.web.context.SecurityContextPersistenceFilter.doFilter(SecurityContextPersistenceFilter.java:82)
	at org.springframework.security.web.FilterChainProxy$VirtualFilterChain.doFilter(FilterChainProxy.java:346)
	at org.springframework.security.web.context.request.async.WebAsyncManagerIntegrationFilter.doFilterInternal(WebAsyncManagerIntegrationFilter.java:55)
	at org.springframework.web.filter.OncePerRequestFilter.doFilter(OncePerRequestFilter.java:117)
	at org.springframework.security.web.FilterChainProxy$VirtualFilterChain.doFilter(FilterChainProxy.java:346)
	at org.springframework.security.web.session.DisableEncodeUrlFilter.doFilterInternal(DisableEncodeUrlFilter.java:42)
	at org.springframework.web.filter.OncePerRequestFilter.doFilter(OncePerRequestFilter.java:117)
	at org.springframework.security.web.FilterChainProxy$VirtualFilterChain.doFilter(FilterChainProxy.java:346)
	at org.springframework.security.web.FilterChainProxy.doFilterInternal(FilterChainProxy.java:221)
	at org.springframework.security.web.FilterChainProxy.doFilter(FilterChainProxy.java:186)
	at org.springframework.web.filter.DelegatingFilterProxy.invokeDelegate(DelegatingFilterProxy.java:354)
	at org.springframework.web.filter.DelegatingFilterProxy.doFilter(DelegatingFilterProxy.java:267)
	at org.apache.catalina.core.ApplicationFilterChain.internalDoFilter(ApplicationFilterChain.java:178)
	at org.apache.catalina.core.ApplicationFilterChain.doFilter(ApplicationFilterChain.java:153)
	at org.springframework.web.filter.RequestContextFilter.doFilterInternal(RequestContextFilter.java:100)
	at org.springframework.web.filter.OncePerRequestFilter.doFilter(OncePerRequestFilter.java:117)
	at org.apache.catalina.core.ApplicationFilterChain.internalDoFilter(ApplicationFilterChain.java:178)
	at org.apache.catalina.core.ApplicationFilterChain.doFilter(ApplicationFilterChain.java:153)
	at org.springframework.web.filter.FormContentFilter.doFilterInternal(FormContentFilter.java:93)
	at org.springframework.web.filter.OncePerRequestFilter.doFilter(OncePerRequestFilter.java:117)
	at org.apache.catalina.core.ApplicationFilterChain.internalDoFilter(ApplicationFilterChain.java:178)
	at org.apache.catalina.core.ApplicationFilterChain.doFilter(ApplicationFilterChain.java:153)
	at org.springframework.web.filter.CharacterEncodingFilter.doFilterInternal(CharacterEncodingFilter.java:201)
	at org.springframework.web.filter.OncePerRequestFilter.doFilter(OncePerRequestFilter.java:117)
	at org.apache.catalina.core.ApplicationFilterChain.internalDoFilter(ApplicationFilterChain.java:178)
	at org.apache.catalina.core.ApplicationFilterChain.doFilter(ApplicationFilterChain.java:153)
	at org.apache.catalina.core.StandardWrapperValve.invoke(StandardWrapperValve.java:168)
	at org.apache.catalina.core.StandardContextValve.invoke(StandardContextValve.java:90)
	at org.apache.catalina.authenticator.AuthenticatorBase.invoke(AuthenticatorBase.java:481)
	at org.apache.catalina.core.StandardHostValve.invoke(StandardHostValve.java:130)
	at org.apache.catalina.valves.ErrorReportValve.invoke(ErrorReportValve.java:93)
	at org.apache.catalina.core.StandardEngineValve.invoke(StandardEngineValve.java:74)
	at org.apache.catalina.connector.CoyoteAdapter.service(CoyoteAdapter.java:342)
	at org.apache.coyote.http11.Http11Processor.service(Http11Processor.java:390)
	at org.apache.coyote.AbstractProcessorLight.process(AbstractProcessorLight.java:63)
	at org.apache.coyote.AbstractProtocol$ConnectionHandler.process(AbstractProtocol.java:928)
	at org.apache.tomcat.util.net.NioEndpoint$SocketProcessor.doRun(NioEndpoint.java:1794)
	at org.apache.tomcat.util.net.SocketProcessorBase.run(SocketProcessorBase.java:52)
	at org.apache.tomcat.util.threads.ThreadPoolExecutor.runWorker(ThreadPoolExecutor.java:1191)
	at org.apache.tomcat.util.threads.ThreadPoolExecutor$Worker.run(ThreadPoolExecutor.java:659)
	at org.apache.tomcat.util.threads.TaskThread$WrappingRunnable.run(TaskThread.java:61)
	at java.lang.Thread.run(Thread.java:745)
[2023-12-07 09:39:39]|||{"logger":"c.alibaba.druid.pool.DruidDataSource", "thread":"SpringApplicationShutdownHook", "msg":"{dataSource-1} closing ..."}
[2023-12-07 09:39:39]|||{"logger":"c.alibaba.druid.pool.DruidDataSource", "thread":"SpringApplicationShutdownHook", "msg":"{dataSource-1} closed"}
[2023-12-07 09:39:44]|||{"logger":"c.c.blog.web.CodingBlogApplication", "thread":"main", "msg":"Starting CodingBlogApplication using Java 1.8.0_101 on DESKTOP-4C76UQ5 with PID 4460 (D:\JavaCount\project\SpringBootProject\coding-blog\coding-web\target\classes started by Administrator in D:\JavaCount\project\SpringBootProject\coding-blog)"}
[2023-12-07 09:39:44]|||{"logger":"c.c.blog.web.CodingBlogApplication", "thread":"main", "msg":"No active profile set, falling back to 1 default profile: "default""}
[2023-12-07 09:39:45]|||{"logger":"o.m.s.mapper.ClassPathMapperScanner", "thread":"main", "msg":"No MyBatis mapper was found in '[com.coding.blog.web]' package. Please check your configuration."}
[2023-12-07 09:39:45]|||{"logger":"o.s.b.w.e.tomcat.TomcatWebServer", "thread":"main", "msg":"Tomcat initialized with port(s): 8080 (http)"}
[2023-12-07 09:39:45]|||{"logger":"o.a.c.core.AprLifecycleListener", "thread":"main", "msg":"An older version [1.2.14] of the Apache Tomcat Native library is installed, while Tomcat recommends a minimum version of [1.2.38]"}
[2023-12-07 09:39:45]|||{"logger":"o.a.c.core.AprLifecycleListener", "thread":"main", "msg":"Loaded Apache Tomcat Native library [1.2.14] using APR version [1.6.2]."}
[2023-12-07 09:39:45]|||{"logger":"o.a.c.core.AprLifecycleListener", "thread":"main", "msg":"APR capabilities: IPv6 [true], sendfile [true], accept filters [false], random [true], UDS [false]."}
[2023-12-07 09:39:45]|||{"logger":"o.a.c.core.AprLifecycleListener", "thread":"main", "msg":"APR/OpenSSL configuration: useAprConnector [false], useOpenSSL [true]"}
[2023-12-07 09:39:46]|||{"logger":"o.a.c.core.AprLifecycleListener", "thread":"main", "msg":"OpenSSL successfully initialized [OpenSSL 1.0.2l  25 May 2017]"}
[2023-12-07 09:39:46]|||{"logger":"o.a.coyote.http11.Http11NioProtocol", "thread":"main", "msg":"Initializing ProtocolHandler ["http-nio-8080"]"}
[2023-12-07 09:39:46]|||{"logger":"o.a.catalina.core.StandardService", "thread":"main", "msg":"Starting service [Tomcat]"}
[2023-12-07 09:39:46]|||{"logger":"o.a.catalina.core.StandardEngine", "thread":"main", "msg":"Starting Servlet engine: [Apache Tomcat/9.0.82]"}
[2023-12-07 09:39:46]|||{"logger":"o.a.c.c.C.[Tomcat].[localhost].[/]", "thread":"main", "msg":"Initializing Spring embedded WebApplicationContext"}
[2023-12-07 09:39:46]|||{"logger":"o.s.b.w.s.c.ServletWebServerApplicationContext", "thread":"main", "msg":"Root WebApplicationContext: initialization completed in 2142 ms"}
[2023-12-07 09:39:48]|||{"logger":"o.s.s.web.DefaultSecurityFilterChain", "thread":"main", "msg":"Will secure any request with [org.springframework.security.web.session.DisableEncodeUrlFilter@5c76fce4, org.springframework.security.web.context.request.async.WebAsyncManagerIntegrationFilter@5aab5b31, org.springframework.security.web.context.SecurityContextPersistenceFilter@602298b, org.springframework.security.web.header.HeaderWriterFilter@62faf77, org.springframework.security.web.authentication.logout.LogoutFilter@44084713, com.coding.blog.web.security.filter.JwtAuthenticationTokenFilter@1ac730cd, org.springframework.security.web.savedrequest.RequestCacheAwareFilter@149d7cc6, org.springframework.security.web.servletapi.SecurityContextHolderAwareRequestFilter@3611153f, org.springframework.security.web.authentication.AnonymousAuthenticationFilter@5408d4b3, org.springframework.security.web.session.SessionManagementFilter@77cddc0c, org.springframework.security.web.access.ExceptionTranslationFilter@5bb7a59, org.springframework.security.web.access.intercept.FilterSecurityInterceptor@c318864]"}
[2023-12-07 09:39:48]|||{"logger":"o.a.coyote.http11.Http11NioProtocol", "thread":"main", "msg":"Starting ProtocolHandler ["http-nio-8080"]"}
[2023-12-07 09:39:48]|||{"logger":"o.s.b.w.e.tomcat.TomcatWebServer", "thread":"main", "msg":"Tomcat started on port(s): 8080 (http) with context path ''"}
[2023-12-07 09:39:48]|||{"logger":"c.c.blog.web.CodingBlogApplication", "thread":"main", "msg":"Started CodingBlogApplication in 4.229 seconds (JVM running for 5.043)"}
[2023-12-07 09:39:53]|||{"logger":"o.a.tomcat.util.http.parser.Cookie", "thread":"http-nio-8080-exec-1", "msg":"A cookie header was received [Hm_lvt_2745ad927051c4bc7b7ee34b781df793=1697069968,1697247649,1698747555,1699267107;] that contained an invalid cookie. That cookie will be ignored.
 Note: further occurrences of this error will be logged at DEBUG level."}
[2023-12-07 09:39:53]|||{"logger":"o.a.c.c.C.[Tomcat].[localhost].[/]", "thread":"http-nio-8080-exec-1", "msg":"Initializing Spring DispatcherServlet 'dispatcherServlet'"}
[2023-12-07 09:39:53]|||{"logger":"o.s.web.servlet.DispatcherServlet", "thread":"http-nio-8080-exec-1", "msg":"Initializing Servlet 'dispatcherServlet'"}
[2023-12-07 09:39:53]|||{"logger":"o.s.web.servlet.DispatcherServlet", "thread":"http-nio-8080-exec-1", "msg":"Completed initialization in 1 ms"}
[2023-12-07 09:39:53]|||{"logger":"c.c.b.w.s.f.JwtAuthenticationTokenFilter", "thread":"http-nio-8080-exec-1", "msg":"checking username:admin"}
[2023-12-07 09:39:53]|||{"logger":"c.alibaba.druid.pool.DruidDataSource", "thread":"http-nio-8080-exec-1", "msg":"{dataSource-1} inited"}
[2023-12-07 09:39:54]|||{"logger":"c.c.b.w.s.f.JwtAuthenticationTokenFilter", "thread":"http-nio-8080-exec-1", "msg":"authenticated user:admin"}
[2023-12-07 10:21:32]|||{"logger":"c.alibaba.druid.pool.DruidDataSource", "thread":"SpringApplicationShutdownHook", "msg":"{dataSource-1} closing ..."}
[2023-12-07 10:21:32]|||{"logger":"c.alibaba.druid.pool.DruidDataSource", "thread":"SpringApplicationShutdownHook", "msg":"{dataSource-1} closed"}
